time="2023-01-28T15:04:29Z" level=info msg="auth_service : successful init of enforcer"
time="2023-01-28T15:05:45Z" level=info msg="AuthHandler.Login : endpoint login reached"
time="2023-01-28T15:05:45Z" level=info msg="AuthService.Login : login service reached"
time="2023-01-28T15:05:45Z" level=info msg="AuthStore.GetOneUser : reached getOneUser in store"
time="2023-01-28T15:05:45Z" level=info msg="AuthStore.GetOneUser : getOneUser success"
time="2023-01-28T15:05:45Z" level=error msg="AuthService.Login.CompareHashAndPassword() : old password not same"
time="2023-01-28T15:05:45Z" level=error msg="AuthHandler.Login : wrong password"
time="2023-01-28T15:07:34Z" level=info msg="auth_service : successful init of enforcer"
time="2023-01-28T15:08:58Z" level=info msg="AuthHandler.Login : endpoint login reached"
time="2023-01-28T15:08:58Z" level=info msg="AuthService.Login : login service reached"
time="2023-01-28T15:08:58Z" level=info msg="AuthStore.GetOneUser : reached getOneUser in store"
time="2023-01-28T15:08:58Z" level=info msg="AuthStore.GetOneUser : getOneUser success"
time="2023-01-28T15:08:58Z" level=error msg="AuthService.Login.CompareHashAndPassword() : password not same"
time="2023-01-28T15:08:58Z" level=error msg="AuthHandler.Login : wrong password"
time="2023-01-28T15:11:12Z" level=info msg="AuthHandler.Login : endpoint login reached"
time="2023-01-28T15:11:12Z" level=info msg="AuthService.Login : login service reached"
time="2023-01-28T15:11:12Z" level=info msg="AuthStore.GetOneUser : reached getOneUser in store"
time="2023-01-28T15:11:12Z" level=info msg="AuthStore.GetOneUser : getOneUser success"
time="2023-01-28T15:25:54Z" level=info msg="auth_service : successful init of enforcer"
time="2023-01-28T16:25:10Z" level=info msg="AuthHandler.Register : Register endpoint reached"
time="2023-01-28T16:25:10Z" level=info msg="AuthService.Register : register service reached"
time="2023-01-28T16:25:10Z" level=info msg="AuthStore.GetOneUser : reached getOneUser in store"
time="2023-01-28T16:25:10Z" level=error msg="AuthStore.GetOneUser.filterOne() : mongo: no documents in result"
time="2023-01-28T16:25:10Z" level=info msg="AuthService.Register : password sucessfully hashed"
time="2023-01-28T16:25:10Z" level=info msg="AuthStore.Register : reached register in store"
time="2023-01-28T16:25:10Z" level=info msg="AuthService.Register : register service finished"
time="2023-01-28T16:25:10Z" level=info msg="AuthHandler.Register : Registration success"
time="2023-01-28T16:25:11Z" level=info msg="AuthService.SendMail : sendMail service reached"
time="2023-01-28T16:25:11Z" level=info msg="AuthService.sendValidationMail : sendValidationMail service reached"
time="2023-01-28T16:25:13Z" level=info msg="AuthHandler.Login : endpoint login reached"
time="2023-01-28T16:25:13Z" level=info msg="AuthService.Login : login service reached"
time="2023-01-28T16:25:13Z" level=info msg="AuthStore.GetOneUser : reached getOneUser in store"
time="2023-01-28T16:25:13Z" level=info msg="AuthStore.GetOneUser : getOneUser success"
time="2023-01-28T16:25:14Z" level=info msg="AuthHandler.Login : endpoint login successful"
time="2023-01-28T16:25:26Z" level=error msg="AuthService.sendValidationMail : 535 5.7.139 Authentication unsuccessful, account locked. Contact your administrator. [VI1PR06CA0113.eurprd06.prod.outlook.com 2023-01-28T16:25:20.926Z 08DB0003DE6A72ED]"
time="2023-01-28T16:25:26Z" level=error msg="AuthService.SendMail : 535 5.7.139 Authentication unsuccessful, account locked. Contact your administrator. [VI1PR06CA0113.eurprd06.prod.outlook.com 2023-01-28T16:25:20.926Z 08DB0003DE6A72ED] (failed to sent mail)"
time="2023-01-28T16:25:26Z" level=info msg="AuthService.DeleteUserByID : deleteUser service reached"
time="2023-01-28T16:25:26Z" level=info msg="AuthStore.DeleteUserByID : reached deleteUserbyID in store"
time="2023-01-28T16:25:26Z" level=info msg="AuthStore.DeleteUserByID : deletebyID success"
time="2023-01-28T16:25:26Z" level=info msg="AuthHandler.Login : endpoint login reached"
time="2023-01-28T16:25:26Z" level=info msg="AuthService.Login : login service reached"
time="2023-01-28T16:25:26Z" level=info msg="AuthStore.GetOneUser : reached getOneUser in store"
time="2023-01-28T16:25:26Z" level=info msg="AuthStore.GetOneUser : getOneUser success"
time="2023-01-28T16:25:26Z" level=info msg="AuthHandler.Login : endpoint login successful"
time="2023-01-28T19:35:35Z" level=info msg="auth_service : successful init of enforcer"
time="2023-01-29T00:27:00Z" level=info msg="auth_service : successful init of enforcer"
time="2023-01-29T10:40:04Z" level=info msg="auth_service : successful init of enforcer"
time="2023-01-29T12:36:07Z" level=info msg="auth_service : successful init of enforcer"
time="2023-01-29T12:40:15Z" level=info msg="AuthHandler.Login : endpoint login reached"
time="2023-01-29T12:40:15Z" level=info msg="AuthService.Login : login service reached"
time="2023-01-29T12:40:15Z" level=info msg="AuthStore.GetOneUser : reached getOneUser in store"
time="2023-01-29T12:40:15Z" level=info msg="AuthStore.GetOneUser : getOneUser success"
time="2023-01-29T12:40:15Z" level=info msg="AuthHandler.Login : endpoint login successful"
time="2023-01-29T12:46:55Z" level=info msg="AuthHandler.Login : endpoint login reached"
time="2023-01-29T12:46:55Z" level=info msg="AuthService.Login : login service reached"
time="2023-01-29T12:46:55Z" level=info msg="AuthStore.GetOneUser : reached getOneUser in store"
time="2023-01-29T12:46:55Z" level=info msg="AuthStore.GetOneUser : getOneUser success"
time="2023-01-29T12:46:55Z" level=info msg="AuthHandler.Login : endpoint login successful"
time="2023-01-29T12:47:20Z" level=info msg="AuthHandler.Login : endpoint login reached"
time="2023-01-29T12:47:20Z" level=info msg="AuthService.Login : login service reached"
time="2023-01-29T12:47:20Z" level=info msg="AuthStore.GetOneUser : reached getOneUser in store"
time="2023-01-29T12:47:20Z" level=info msg="AuthStore.GetOneUser : getOneUser success"
time="2023-01-29T12:47:20Z" level=info msg="AuthHandler.Login : endpoint login successful"
time="2023-01-29T12:47:33Z" level=info msg="AuthHandler.Login : endpoint login reached"
time="2023-01-29T12:47:33Z" level=info msg="AuthService.Login : login service reached"
time="2023-01-29T12:47:33Z" level=info msg="AuthStore.GetOneUser : reached getOneUser in store"
time="2023-01-29T12:47:33Z" level=info msg="AuthStore.GetOneUser : getOneUser success"
time="2023-01-29T12:47:33Z" level=info msg="AuthHandler.Login : endpoint login successful"
time="2023-01-29T12:47:45Z" level=info msg="AuthHandler.Login : endpoint login reached"
time="2023-01-29T12:47:45Z" level=info msg="AuthService.Login : login service reached"
time="2023-01-29T12:47:45Z" level=info msg="AuthStore.GetOneUser : reached getOneUser in store"
time="2023-01-29T12:47:45Z" level=info msg="AuthStore.GetOneUser : getOneUser success"
time="2023-01-29T12:47:45Z" level=info msg="AuthHandler.Login : endpoint login successful"
time="2023-01-29T12:48:00Z" level=info msg="AuthHandler.Login : endpoint login reached"
time="2023-01-29T12:48:00Z" level=info msg="AuthService.Login : login service reached"
time="2023-01-29T12:48:00Z" level=info msg="AuthStore.GetOneUser : reached getOneUser in store"
time="2023-01-29T12:48:00Z" level=info msg="AuthStore.GetOneUser : getOneUser success"
time="2023-01-29T12:48:00Z" level=info msg="AuthHandler.Login : endpoint login successful"
time="2023-01-29T12:49:17Z" level=info msg="AuthHandler.Login : endpoint login reached"
time="2023-01-29T12:49:17Z" level=info msg="AuthService.Login : login service reached"
time="2023-01-29T12:49:17Z" level=info msg="AuthStore.GetOneUser : reached getOneUser in store"
time="2023-01-29T12:49:17Z" level=info msg="AuthStore.GetOneUser : getOneUser success"
time="2023-01-29T12:49:17Z" level=info msg="AuthHandler.Login : endpoint login successful"
time="2023-01-29T12:49:25Z" level=info msg="AuthHandler.Login : endpoint login reached"
time="2023-01-29T12:49:25Z" level=info msg="AuthService.Login : login service reached"
time="2023-01-29T12:49:25Z" level=info msg="AuthStore.GetOneUser : reached getOneUser in store"
time="2023-01-29T12:49:25Z" level=info msg="AuthStore.GetOneUser : getOneUser success"
time="2023-01-29T12:49:25Z" level=info msg="AuthHandler.Login : endpoint login successful"
time="2023-01-29T12:50:03Z" level=info msg="AuthHandler.Login : endpoint login reached"
time="2023-01-29T12:50:03Z" level=info msg="AuthService.Login : login service reached"
time="2023-01-29T12:50:03Z" level=info msg="AuthStore.GetOneUser : reached getOneUser in store"
time="2023-01-29T12:50:03Z" level=info msg="AuthStore.GetOneUser : getOneUser success"
time="2023-01-29T12:50:03Z" level=info msg="AuthHandler.Login : endpoint login successful"
time="2023-01-29T12:56:51Z" level=info msg="auth_service : successful init of enforcer"
time="2023-01-29T13:00:12Z" level=info msg="AuthHandler.Register : Register endpoint reached"
time="2023-01-29T13:00:12Z" level=info msg="AuthService.Register : register service reached"
time="2023-01-29T13:00:12Z" level=info msg="AuthStore.GetOneUser : reached getOneUser in store"
time="2023-01-29T13:00:12Z" level=error msg="AuthStore.GetOneUser.filterOne() : mongo: no documents in result"
time="2023-01-29T13:00:12Z" level=info msg="AuthService.Register : password sucessfully hashed"
time="2023-01-29T13:00:12Z" level=info msg="AuthStore.Register : reached register in store"
time="2023-01-29T13:00:12Z" level=info msg="AuthService.Register : register service finished"
time="2023-01-29T13:00:12Z" level=info msg="AuthHandler.Register : Registration success"
time="2023-01-29T13:00:12Z" level=info msg="AuthService.SendMail : sendMail service reached"
time="2023-01-29T13:00:12Z" level=info msg="AuthService.sendValidationMail : sendValidationMail service reached"
time="2023-01-29T13:00:16Z" level=info msg="AuthHandler.Login : endpoint login reached"
time="2023-01-29T13:00:16Z" level=info msg="AuthService.Login : login service reached"
time="2023-01-29T13:00:16Z" level=info msg="AuthStore.GetOneUser : reached getOneUser in store"
time="2023-01-29T13:00:16Z" level=info msg="AuthStore.GetOneUser : getOneUser success"
time="2023-01-29T13:00:16Z" level=info msg="AuthHandler.Login : endpoint login successful"
time="2023-01-29T13:00:17Z" level=info msg="AuthService.sendValidationMail : sendValidationMail service finished"
time="2023-01-29T13:00:17Z" level=info msg="AuthService.SendMail : sendMail service finished"
time="2023-01-29T13:01:38Z" level=info msg="AuthHandler.Login : endpoint login reached"
time="2023-01-29T13:01:38Z" level=info msg="AuthService.Login : login service reached"
time="2023-01-29T13:01:38Z" level=info msg="AuthStore.GetOneUser : reached getOneUser in store"
time="2023-01-29T13:01:38Z" level=info msg="AuthStore.GetOneUser : getOneUser success"
time="2023-01-29T13:01:38Z" level=info msg="AuthHandler.Login : endpoint login successful"
time="2023-01-29T13:02:10Z" level=info msg="AuthHandler.Login : endpoint login reached"
time="2023-01-29T13:02:10Z" level=info msg="AuthService.Login : login service reached"
time="2023-01-29T13:02:10Z" level=info msg="AuthStore.GetOneUser : reached getOneUser in store"
time="2023-01-29T13:02:10Z" level=info msg="AuthStore.GetOneUser : getOneUser success"
time="2023-01-29T13:02:10Z" level=info msg="AuthHandler.Login : endpoint login successful"
time="2023-01-29T13:02:42Z" level=info msg="AuthHandler.Login : endpoint login reached"
time="2023-01-29T13:02:42Z" level=info msg="AuthService.Login : login service reached"
time="2023-01-29T13:02:42Z" level=info msg="AuthStore.GetOneUser : reached getOneUser in store"
time="2023-01-29T13:02:42Z" level=info msg="AuthStore.GetOneUser : getOneUser success"
time="2023-01-29T13:02:42Z" level=info msg="AuthHandler.Login : endpoint login successful"
time="2023-01-29T13:03:13Z" level=info msg="AuthHandler.Login : endpoint login reached"
time="2023-01-29T13:03:13Z" level=info msg="AuthService.Login : login service reached"
time="2023-01-29T13:03:13Z" level=info msg="AuthStore.GetOneUser : reached getOneUser in store"
time="2023-01-29T13:03:13Z" level=info msg="AuthStore.GetOneUser : getOneUser success"
time="2023-01-29T13:03:13Z" level=info msg="AuthHandler.Login : endpoint login successful"
time="2023-01-29T13:04:28Z" level=info msg="AuthHandler.Login : endpoint login reached"
time="2023-01-29T13:04:28Z" level=info msg="AuthService.Login : login service reached"
time="2023-01-29T13:04:28Z" level=info msg="AuthStore.GetOneUser : reached getOneUser in store"
time="2023-01-29T13:04:28Z" level=info msg="AuthStore.GetOneUser : getOneUser success"
time="2023-01-29T13:04:28Z" level=info msg="AuthHandler.Login : endpoint login successful"
time="2023-01-29T13:08:16Z" level=info msg="AuthHandler.Login : endpoint login reached"
time="2023-01-29T13:08:16Z" level=info msg="AuthService.Login : login service reached"
time="2023-01-29T13:08:16Z" level=info msg="AuthStore.GetOneUser : reached getOneUser in store"
time="2023-01-29T13:08:16Z" level=info msg="AuthStore.GetOneUser : getOneUser success"
time="2023-01-29T13:08:16Z" level=info msg="AuthHandler.Login : endpoint login successful"
time="2023-01-29T13:09:32Z" level=info msg="auth_service : successful init of enforcer"
time="2023-01-29T13:13:17Z" level=info msg="auth_service : successful init of enforcer"
time="2023-01-29T13:15:12Z" level=info msg="AuthHandler.Register : Register endpoint reached"
time="2023-01-29T13:15:12Z" level=info msg="AuthService.Register : register service reached"
time="2023-01-29T13:15:12Z" level=info msg="AuthStore.GetOneUser : reached getOneUser in store"
time="2023-01-29T13:15:12Z" level=error msg="AuthStore.GetOneUser.filterOne() : mongo: no documents in result"
time="2023-01-29T13:15:12Z" level=info msg="AuthService.Register : password sucessfully hashed"
time="2023-01-29T13:15:12Z" level=info msg="AuthStore.Register : reached register in store"
time="2023-01-29T13:15:12Z" level=info msg="AuthService.Register : register service finished"
time="2023-01-29T13:15:12Z" level=info msg="AuthHandler.Register : Registration success"
time="2023-01-29T13:15:12Z" level=info msg="AuthService.SendMail : sendMail service reached"
time="2023-01-29T13:15:12Z" level=info msg="AuthService.sendValidationMail : sendValidationMail service reached"
time="2023-01-29T13:15:22Z" level=error msg="AuthService.sendValidationMail : dial tcp 40.101.54.118:5879: i/o timeout"
time="2023-01-29T13:15:22Z" level=error msg="AuthService.SendMail : dial tcp 40.101.54.118:5879: i/o timeout (failed to sent mail)"
time="2023-01-29T13:15:23Z" level=info msg="AuthService.DeleteUserByID : deleteUser service reached"
time="2023-01-29T13:15:23Z" level=info msg="AuthStore.DeleteUserByID : reached deleteUserbyID in store"
time="2023-01-29T13:15:23Z" level=info msg="AuthStore.DeleteUserByID : deletebyID success"
time="2023-01-29T13:28:53Z" level=info msg="auth_service : successful init of enforcer"
time="2023-01-29T13:37:00Z" level=info msg="auth_service : successful init of enforcer"
time="2023-01-29T13:49:32Z" level=info msg="AuthHandler.Login : endpoint login reached"
time="2023-01-29T13:49:32Z" level=info msg="AuthService.Login : login service reached"
time="2023-01-29T13:49:32Z" level=info msg="AuthStore.GetOneUser : reached getOneUser in store"
time="2023-01-29T13:49:32Z" level=info msg="AuthStore.GetOneUser : getOneUser success"
time="2023-01-29T13:49:32Z" level=info msg="AuthHandler.Login : endpoint login successful"
time="2023-01-29T14:55:06Z" level=info msg="auth_service : successful init of enforcer"
time="2023-01-29T16:42:04Z" level=info msg="auth_service : successful init of enforcer"
time="2023-01-29T16:48:09Z" level=info msg="AuthHandler.Login : endpoint login reached"
time="2023-01-29T16:48:09Z" level=info msg="AuthService.Login : login service reached"
time="2023-01-29T16:48:09Z" level=info msg="AuthStore.GetOneUser : reached getOneUser in store"
time="2023-01-29T16:48:09Z" level=info msg="AuthStore.GetOneUser : getOneUser success"
time="2023-01-29T16:48:10Z" level=info msg="AuthHandler.Login : endpoint login successful"
time="2023-01-29T16:50:51Z" level=info msg="AuthHandler.Login : endpoint login reached"
time="2023-01-29T16:50:51Z" level=info msg="AuthService.Login : login service reached"
time="2023-01-29T16:50:51Z" level=info msg="AuthStore.GetOneUser : reached getOneUser in store"
time="2023-01-29T16:50:51Z" level=info msg="AuthStore.GetOneUser : getOneUser success"
time="2023-01-29T16:50:51Z" level=info msg="AuthHandler.Login : endpoint login successful"
time="2023-01-29T16:51:04Z" level=info msg="AuthHandler.Login : endpoint login reached"
time="2023-01-29T16:51:04Z" level=info msg="AuthService.Login : login service reached"
time="2023-01-29T16:51:04Z" level=info msg="AuthStore.GetOneUser : reached getOneUser in store"
time="2023-01-29T16:51:04Z" level=info msg="AuthStore.GetOneUser : getOneUser success"
time="2023-01-29T16:51:04Z" level=info msg="AuthHandler.Login : endpoint login successful"
time="2023-01-29T17:03:34Z" level=info msg="AuthHandler.Login : endpoint login reached"
time="2023-01-29T17:03:34Z" level=info msg="AuthService.Login : login service reached"
time="2023-01-29T17:03:34Z" level=info msg="AuthStore.GetOneUser : reached getOneUser in store"
time="2023-01-29T17:03:34Z" level=info msg="AuthStore.GetOneUser : getOneUser success"
time="2023-01-29T17:03:34Z" level=info msg="AuthHandler.Login : endpoint login successful"
time="2023-01-29T17:04:32Z" level=info msg="auth_service : successful init of enforcer"
time="2023-01-29T17:11:49Z" level=info msg="AuthHandler.Login : endpoint login reached"
time="2023-01-29T17:11:49Z" level=info msg="AuthService.Login : login service reached"
time="2023-01-29T17:11:49Z" level=info msg="AuthStore.GetOneUser : reached getOneUser in store"
time="2023-01-29T17:11:49Z" level=info msg="AuthStore.GetOneUser : getOneUser success"
time="2023-01-29T17:11:49Z" level=info msg="AuthHandler.Login : endpoint login successful"
time="2023-01-29T17:12:03Z" level=info msg="AuthHandler.Login : endpoint login reached"
time="2023-01-29T17:12:03Z" level=info msg="AuthService.Login : login service reached"
time="2023-01-29T17:12:03Z" level=info msg="AuthStore.GetOneUser : reached getOneUser in store"
time="2023-01-29T17:12:03Z" level=info msg="AuthStore.GetOneUser : getOneUser success"
time="2023-01-29T17:12:03Z" level=info msg="AuthHandler.Login : endpoint login successful"
time="2023-01-29T17:20:57Z" level=info msg="AuthHandler.Login : endpoint login reached"
time="2023-01-29T17:20:57Z" level=info msg="AuthService.Login : login service reached"
time="2023-01-29T17:20:57Z" level=info msg="AuthStore.GetOneUser : reached getOneUser in store"
time="2023-01-29T17:20:57Z" level=info msg="AuthStore.GetOneUser : getOneUser success"
time="2023-01-29T17:20:57Z" level=info msg="AuthHandler.Login : endpoint login successful"
time="2023-01-29T17:21:15Z" level=info msg="AuthHandler.Login : endpoint login reached"
time="2023-01-29T17:21:15Z" level=info msg="AuthService.Login : login service reached"
time="2023-01-29T17:21:15Z" level=info msg="AuthStore.GetOneUser : reached getOneUser in store"
time="2023-01-29T17:21:15Z" level=error msg="AuthStore.GetOneUser.filterOne() : mongo: no documents in result"
time="2023-01-29T17:21:15Z" level=error msg="AuthService.Login.GetOneUser() mongo: no documents in result"
time="2023-01-29T17:21:15Z" level=error msg="AuthHandler.Login : mongo: no documents in result (username not exist)"
time="2023-01-29T17:21:19Z" level=info msg="AuthHandler.Login : endpoint login reached"
time="2023-01-29T17:21:19Z" level=info msg="AuthService.Login : login service reached"
time="2023-01-29T17:21:19Z" level=info msg="AuthStore.GetOneUser : reached getOneUser in store"
time="2023-01-29T17:21:19Z" level=info msg="AuthStore.GetOneUser : getOneUser success"
time="2023-01-29T17:21:19Z" level=info msg="AuthHandler.Login : endpoint login successful"
time="2023-01-29T17:22:30Z" level=info msg="AuthHandler.Login : endpoint login reached"
time="2023-01-29T17:22:30Z" level=info msg="AuthService.Login : login service reached"
time="2023-01-29T17:22:30Z" level=info msg="AuthStore.GetOneUser : reached getOneUser in store"
time="2023-01-29T17:22:30Z" level=info msg="AuthStore.GetOneUser : getOneUser success"
time="2023-01-29T17:22:30Z" level=info msg="AuthHandler.Login : endpoint login successful"
time="2023-01-29T17:22:43Z" level=info msg="AuthHandler.Login : endpoint login reached"
time="2023-01-29T17:22:43Z" level=info msg="AuthService.Login : login service reached"
time="2023-01-29T17:22:43Z" level=info msg="AuthStore.GetOneUser : reached getOneUser in store"
time="2023-01-29T17:22:43Z" level=info msg="AuthStore.GetOneUser : getOneUser success"
time="2023-01-29T17:22:44Z" level=info msg="AuthHandler.Login : endpoint login successful"
time="2023-01-29T17:23:36Z" level=info msg="AuthHandler.Login : endpoint login reached"
time="2023-01-29T17:23:36Z" level=info msg="AuthService.Login : login service reached"
time="2023-01-29T17:23:36Z" level=info msg="AuthStore.GetOneUser : reached getOneUser in store"
time="2023-01-29T17:23:36Z" level=info msg="AuthStore.GetOneUser : getOneUser success"
time="2023-01-29T17:23:36Z" level=info msg="AuthHandler.Login : endpoint login successful"
time="2023-01-29T17:25:25Z" level=info msg="AuthHandler.Login : endpoint login reached"
time="2023-01-29T17:25:25Z" level=info msg="AuthService.Login : login service reached"
time="2023-01-29T17:25:25Z" level=info msg="AuthStore.GetOneUser : reached getOneUser in store"
time="2023-01-29T17:25:25Z" level=info msg="AuthStore.GetOneUser : getOneUser success"
time="2023-01-29T17:25:25Z" level=info msg="AuthHandler.Login : endpoint login successful"
time="2023-01-29T17:25:53Z" level=info msg="AuthHandler.Login : endpoint login reached"
time="2023-01-29T17:25:53Z" level=info msg="AuthService.Login : login service reached"
time="2023-01-29T17:25:53Z" level=info msg="AuthStore.GetOneUser : reached getOneUser in store"
time="2023-01-29T17:25:53Z" level=info msg="AuthStore.GetOneUser : getOneUser success"
time="2023-01-29T17:25:53Z" level=info msg="AuthHandler.Login : endpoint login successful"
time="2023-01-29T17:26:04Z" level=info msg="AuthHandler.Login : endpoint login reached"
time="2023-01-29T17:26:04Z" level=info msg="AuthService.Login : login service reached"
time="2023-01-29T17:26:04Z" level=info msg="AuthStore.GetOneUser : reached getOneUser in store"
time="2023-01-29T17:26:04Z" level=info msg="AuthStore.GetOneUser : getOneUser success"
time="2023-01-29T17:26:04Z" level=info msg="AuthHandler.Login : endpoint login successful"
time="2023-01-29T17:42:59Z" level=info msg="auth_service : successful init of enforcer"
time="2023-01-29T17:46:33Z" level=info msg="AuthHandler.Login : endpoint login reached"
time="2023-01-29T17:46:33Z" level=info msg="AuthService.Login : login service reached"
time="2023-01-29T17:46:33Z" level=info msg="AuthStore.GetOneUser : reached getOneUser in store"
time="2023-01-29T17:46:33Z" level=info msg="AuthStore.GetOneUser : getOneUser success"
time="2023-01-29T17:46:33Z" level=info msg="AuthHandler.Login : endpoint login successful"
time="2023-01-29T17:51:05Z" level=info msg="AuthHandler.Login : endpoint login reached"
time="2023-01-29T17:51:05Z" level=info msg="AuthService.Login : login service reached"
time="2023-01-29T17:51:05Z" level=info msg="AuthStore.GetOneUser : reached getOneUser in store"
time="2023-01-29T17:51:05Z" level=info msg="AuthStore.GetOneUser : getOneUser success"
time="2023-01-29T17:51:05Z" level=info msg="AuthHandler.Login : endpoint login successful"
time="2023-01-29T17:51:43Z" level=info msg="AuthHandler.Login : endpoint login reached"
time="2023-01-29T17:51:43Z" level=info msg="AuthService.Login : login service reached"
time="2023-01-29T17:51:43Z" level=info msg="AuthStore.GetOneUser : reached getOneUser in store"
time="2023-01-29T17:51:43Z" level=info msg="AuthStore.GetOneUser : getOneUser success"
time="2023-01-29T17:51:43Z" level=info msg="AuthHandler.Login : endpoint login successful"
time="2023-01-29T17:51:52Z" level=info msg="AuthHandler.Login : endpoint login reached"
time="2023-01-29T17:51:52Z" level=info msg="AuthService.Login : login service reached"
time="2023-01-29T17:51:52Z" level=info msg="AuthStore.GetOneUser : reached getOneUser in store"
time="2023-01-29T17:51:52Z" level=info msg="AuthStore.GetOneUser : getOneUser success"
time="2023-01-29T17:51:52Z" level=info msg="AuthHandler.Login : endpoint login successful"
time="2023-01-29T17:52:08Z" level=info msg="AuthHandler.Login : endpoint login reached"
time="2023-01-29T17:52:08Z" level=info msg="AuthService.Login : login service reached"
time="2023-01-29T17:52:08Z" level=info msg="AuthStore.GetOneUser : reached getOneUser in store"
time="2023-01-29T17:52:08Z" level=info msg="AuthStore.GetOneUser : getOneUser success"
time="2023-01-29T17:52:08Z" level=info msg="AuthHandler.Login : endpoint login successful"
time="2023-01-29T18:04:47Z" level=info msg="AuthHandler.Login : endpoint login reached"
time="2023-01-29T18:04:47Z" level=info msg="AuthService.Login : login service reached"
time="2023-01-29T18:04:47Z" level=info msg="AuthStore.GetOneUser : reached getOneUser in store"
time="2023-01-29T18:04:47Z" level=info msg="AuthStore.GetOneUser : getOneUser success"
time="2023-01-29T18:04:47Z" level=info msg="AuthHandler.Login : endpoint login successful"
time="2023-01-29T18:05:28Z" level=info msg="AuthHandler.Login : endpoint login reached"
time="2023-01-29T18:05:28Z" level=info msg="AuthService.Login : login service reached"
time="2023-01-29T18:05:28Z" level=info msg="AuthStore.GetOneUser : reached getOneUser in store"
time="2023-01-29T18:05:28Z" level=info msg="AuthStore.GetOneUser : getOneUser success"
time="2023-01-29T18:05:28Z" level=info msg="AuthHandler.Login : endpoint login successful"
time="2023-01-29T18:05:44Z" level=info msg="AuthHandler.Login : endpoint login reached"
time="2023-01-29T18:05:44Z" level=info msg="AuthService.Login : login service reached"
time="2023-01-29T18:05:44Z" level=info msg="AuthStore.GetOneUser : reached getOneUser in store"
time="2023-01-29T18:05:44Z" level=info msg="AuthStore.GetOneUser : getOneUser success"
time="2023-01-29T18:05:44Z" level=info msg="AuthHandler.Login : endpoint login successful"
time="2023-01-29T18:07:57Z" level=info msg="AuthHandler.Login : endpoint login reached"
time="2023-01-29T18:07:57Z" level=info msg="AuthService.Login : login service reached"
time="2023-01-29T18:07:57Z" level=info msg="AuthStore.GetOneUser : reached getOneUser in store"
time="2023-01-29T18:07:57Z" level=info msg="AuthStore.GetOneUser : getOneUser success"
time="2023-01-29T18:07:57Z" level=info msg="AuthHandler.Login : endpoint login successful"
time="2023-01-29T18:08:51Z" level=info msg="AuthHandler.Login : endpoint login reached"
time="2023-01-29T18:08:51Z" level=info msg="AuthService.Login : login service reached"
time="2023-01-29T18:08:51Z" level=info msg="AuthStore.GetOneUser : reached getOneUser in store"
time="2023-01-29T18:08:51Z" level=info msg="AuthStore.GetOneUser : getOneUser success"
time="2023-01-29T18:08:51Z" level=info msg="AuthHandler.Login : endpoint login successful"
time="2023-01-29T18:09:07Z" level=info msg="AuthHandler.Login : endpoint login reached"
time="2023-01-29T18:09:07Z" level=info msg="AuthService.Login : login service reached"
time="2023-01-29T18:09:07Z" level=info msg="AuthStore.GetOneUser : reached getOneUser in store"
time="2023-01-29T18:09:07Z" level=info msg="AuthStore.GetOneUser : getOneUser success"
time="2023-01-29T18:09:07Z" level=info msg="AuthHandler.Login : endpoint login successful"
time="2023-01-29T18:13:27Z" level=info msg="AuthHandler.Login : endpoint login reached"
time="2023-01-29T18:13:27Z" level=info msg="AuthService.Login : login service reached"
time="2023-01-29T18:13:27Z" level=info msg="AuthStore.GetOneUser : reached getOneUser in store"
time="2023-01-29T18:13:27Z" level=info msg="AuthStore.GetOneUser : getOneUser success"
time="2023-01-29T18:13:27Z" level=info msg="AuthHandler.Login : endpoint login successful"
time="2023-01-29T18:13:44Z" level=info msg="AuthHandler.Login : endpoint login reached"
time="2023-01-29T18:13:44Z" level=info msg="AuthService.Login : login service reached"
time="2023-01-29T18:13:44Z" level=info msg="AuthStore.GetOneUser : reached getOneUser in store"
time="2023-01-29T18:13:44Z" level=error msg="AuthStore.GetOneUser.filterOne() : mongo: no documents in result"
time="2023-01-29T18:13:44Z" level=error msg="AuthService.Login.GetOneUser() mongo: no documents in result"
time="2023-01-29T18:13:44Z" level=error msg="AuthHandler.Login : mongo: no documents in result (username not exist)"
time="2023-01-29T18:13:47Z" level=info msg="AuthHandler.Login : endpoint login reached"
time="2023-01-29T18:13:47Z" level=info msg="AuthService.Login : login service reached"
time="2023-01-29T18:13:47Z" level=info msg="AuthStore.GetOneUser : reached getOneUser in store"
time="2023-01-29T18:13:47Z" level=info msg="AuthStore.GetOneUser : getOneUser success"
time="2023-01-29T18:13:47Z" level=info msg="AuthHandler.Login : endpoint login successful"
time="2023-01-29T18:14:15Z" level=info msg="AuthHandler.Login : endpoint login reached"
time="2023-01-29T18:14:15Z" level=info msg="AuthService.Login : login service reached"
time="2023-01-29T18:14:15Z" level=info msg="AuthStore.GetOneUser : reached getOneUser in store"
time="2023-01-29T18:14:15Z" level=info msg="AuthStore.GetOneUser : getOneUser success"
time="2023-01-29T18:14:15Z" level=info msg="AuthHandler.Login : endpoint login successful"
time="2023-01-29T18:14:37Z" level=info msg="AuthHandler.Login : endpoint login reached"
time="2023-01-29T18:14:37Z" level=info msg="AuthService.Login : login service reached"
time="2023-01-29T18:14:37Z" level=info msg="AuthStore.GetOneUser : reached getOneUser in store"
time="2023-01-29T18:14:37Z" level=info msg="AuthStore.GetOneUser : getOneUser success"
time="2023-01-29T18:14:37Z" level=info msg="AuthHandler.Login : endpoint login successful"
time="2023-01-29T18:14:51Z" level=info msg="AuthHandler.Login : endpoint login reached"
time="2023-01-29T18:14:51Z" level=info msg="AuthService.Login : login service reached"
time="2023-01-29T18:14:51Z" level=info msg="AuthStore.GetOneUser : reached getOneUser in store"
time="2023-01-29T18:14:51Z" level=info msg="AuthStore.GetOneUser : getOneUser success"
time="2023-01-29T18:14:51Z" level=info msg="AuthHandler.Login : endpoint login successful"
time="2023-01-29T18:15:03Z" level=info msg="AuthHandler.Login : endpoint login reached"
time="2023-01-29T18:15:03Z" level=info msg="AuthService.Login : login service reached"
time="2023-01-29T18:15:03Z" level=info msg="AuthStore.GetOneUser : reached getOneUser in store"
time="2023-01-29T18:15:03Z" level=info msg="AuthStore.GetOneUser : getOneUser success"
time="2023-01-29T18:15:03Z" level=info msg="AuthHandler.Login : endpoint login successful"
time="2023-01-29T18:16:16Z" level=info msg="AuthHandler.Login : endpoint login reached"
time="2023-01-29T18:16:16Z" level=info msg="AuthService.Login : login service reached"
time="2023-01-29T18:16:16Z" level=info msg="AuthStore.GetOneUser : reached getOneUser in store"
time="2023-01-29T18:16:16Z" level=info msg="AuthStore.GetOneUser : getOneUser success"
time="2023-01-29T18:16:16Z" level=info msg="AuthHandler.Login : endpoint login successful"
time="2023-01-29T18:22:38Z" level=info msg="AuthHandler.Login : endpoint login reached"
time="2023-01-29T18:22:38Z" level=info msg="AuthService.Login : login service reached"
time="2023-01-29T18:22:38Z" level=info msg="AuthStore.GetOneUser : reached getOneUser in store"
time="2023-01-29T18:22:38Z" level=info msg="AuthStore.GetOneUser : getOneUser success"
time="2023-01-29T18:22:38Z" level=info msg="AuthHandler.Login : endpoint login successful"
time="2023-01-29T18:24:19Z" level=info msg="AuthHandler.Login : endpoint login reached"
time="2023-01-29T18:24:19Z" level=info msg="AuthService.Login : login service reached"
time="2023-01-29T18:24:19Z" level=info msg="AuthStore.GetOneUser : reached getOneUser in store"
time="2023-01-29T18:24:19Z" level=info msg="AuthStore.GetOneUser : getOneUser success"
time="2023-01-29T18:24:19Z" level=info msg="AuthHandler.Login : endpoint login successful"
time="2023-01-29T18:26:55Z" level=info msg="auth_service : successful init of enforcer"
time="2023-01-29T18:27:29Z" level=info msg="AuthHandler.Login : endpoint login reached"
time="2023-01-29T18:27:29Z" level=info msg="AuthService.Login : login service reached"
time="2023-01-29T18:27:29Z" level=info msg="AuthStore.GetOneUser : reached getOneUser in store"
time="2023-01-29T18:27:29Z" level=info msg="AuthStore.GetOneUser : getOneUser success"
time="2023-01-29T18:27:29Z" level=info msg="AuthHandler.Login : endpoint login successful"
time="2023-01-29T18:35:14Z" level=info msg="AuthHandler.Register : Register endpoint reached"
time="2023-01-29T18:35:14Z" level=info msg="AuthService.Register : register service reached"
time="2023-01-29T18:35:14Z" level=info msg="AuthStore.GetOneUser : reached getOneUser in store"
time="2023-01-29T18:35:14Z" level=error msg="AuthStore.GetOneUser.filterOne() : mongo: no documents in result"
time="2023-01-29T18:35:14Z" level=info msg="AuthService.Register : password sucessfully hashed"
time="2023-01-29T18:35:14Z" level=info msg="AuthStore.Register : reached register in store"
time="2023-01-29T18:35:14Z" level=info msg="AuthService.Register : register service finished"
time="2023-01-29T18:35:14Z" level=info msg="AuthHandler.Register : Registration success"
time="2023-01-29T18:35:14Z" level=info msg="AuthService.SendMail : sendMail service reached"
time="2023-01-29T18:35:14Z" level=info msg="AuthService.sendValidationMail : sendValidationMail service reached"
time="2023-01-29T18:35:17Z" level=info msg="AuthHandler.Login : endpoint login reached"
time="2023-01-29T18:35:17Z" level=info msg="AuthService.Login : login service reached"
time="2023-01-29T18:35:17Z" level=info msg="AuthStore.GetOneUser : reached getOneUser in store"
time="2023-01-29T18:35:17Z" level=info msg="AuthStore.GetOneUser : getOneUser success"
time="2023-01-29T18:35:17Z" level=info msg="AuthHandler.Login : endpoint login successful"
time="2023-01-29T18:35:29Z" level=error msg="AuthService.sendValidationMail : 535 5.7.139 Authentication unsuccessful, account locked. Contact your administrator. [VI1PR0502CA0017.eurprd05.prod.outlook.com 2023-01-29T18:35:23.810Z 08DB017FB77CF8F4]"
time="2023-01-29T18:35:29Z" level=error msg="AuthService.SendMail : 535 5.7.139 Authentication unsuccessful, account locked. Contact your administrator. [VI1PR0502CA0017.eurprd05.prod.outlook.com 2023-01-29T18:35:23.810Z 08DB017FB77CF8F4] (failed to sent mail)"
time="2023-01-29T18:35:29Z" level=info msg="AuthService.DeleteUserByID : deleteUser service reached"
time="2023-01-29T18:35:29Z" level=info msg="AuthStore.DeleteUserByID : reached deleteUserbyID in store"
time="2023-01-29T18:35:29Z" level=info msg="AuthStore.DeleteUserByID : deletebyID success"
time="2023-01-29T18:35:32Z" level=info msg="AuthHandler.Login : endpoint login reached"
time="2023-01-29T18:35:32Z" level=info msg="AuthService.Login : login service reached"
time="2023-01-29T18:35:32Z" level=info msg="AuthStore.GetOneUser : reached getOneUser in store"
time="2023-01-29T18:35:32Z" level=info msg="AuthStore.GetOneUser : getOneUser success"
time="2023-01-29T18:35:32Z" level=info msg="AuthHandler.Login : endpoint login successful"
time="2023-01-29T18:36:05Z" level=info msg="AuthHandler.Login : endpoint login reached"
time="2023-01-29T18:36:05Z" level=info msg="AuthService.Login : login service reached"
time="2023-01-29T18:36:05Z" level=info msg="AuthStore.GetOneUser : reached getOneUser in store"
time="2023-01-29T18:36:05Z" level=error msg="AuthStore.GetOneUser.filterOne() : mongo: no documents in result"
time="2023-01-29T18:36:05Z" level=error msg="AuthService.Login.GetOneUser() mongo: no documents in result"
time="2023-01-29T18:36:05Z" level=error msg="AuthHandler.Login : mongo: no documents in result (username not exist)"
time="2023-01-29T18:36:17Z" level=info msg="AuthHandler.Login : endpoint login reached"
time="2023-01-29T18:36:17Z" level=info msg="AuthService.Login : login service reached"
time="2023-01-29T18:36:17Z" level=info msg="AuthStore.GetOneUser : reached getOneUser in store"
time="2023-01-29T18:36:17Z" level=info msg="AuthStore.GetOneUser : getOneUser success"
time="2023-01-29T18:36:17Z" level=info msg="AuthHandler.Login : endpoint login successful"
time="2023-01-29T18:40:58Z" level=info msg="AuthHandler.Login : endpoint login reached"
time="2023-01-29T18:40:58Z" level=info msg="AuthService.Login : login service reached"
time="2023-01-29T18:40:58Z" level=info msg="AuthStore.GetOneUser : reached getOneUser in store"
time="2023-01-29T18:40:58Z" level=info msg="AuthStore.GetOneUser : getOneUser success"
time="2023-01-29T18:40:58Z" level=info msg="AuthHandler.Login : endpoint login successful"
time="2023-01-29T18:41:09Z" level=info msg="AuthHandler.Login : endpoint login reached"
time="2023-01-29T18:41:09Z" level=info msg="AuthService.Login : login service reached"
time="2023-01-29T18:41:09Z" level=info msg="AuthStore.GetOneUser : reached getOneUser in store"
time="2023-01-29T18:41:09Z" level=info msg="AuthStore.GetOneUser : getOneUser success"
time="2023-01-29T18:41:09Z" level=info msg="AuthHandler.Login : endpoint login successful"
time="2023-01-30T10:39:12Z" level=info msg="auth_service : successful init of enforcer"
time="2023-01-30T12:09:24Z" level=info msg="auth_service : successful init of enforcer"
time="2023-01-30T19:45:22Z" level=info msg="auth_service : successful init of enforcer"
time="2023-01-30T20:03:48Z" level=info msg="auth_service : successful init of enforcer"
time="2023-01-30T20:06:49Z" level=info msg="AuthHandler.Login : endpoint login reached"
time="2023-01-30T20:06:49Z" level=info msg="AuthService.Login : login service reached"
time="2023-01-30T20:06:49Z" level=info msg="AuthStore.GetOneUser : reached getOneUser in store"
time="2023-01-30T20:06:49Z" level=info msg="AuthStore.GetOneUser : getOneUser success"
time="2023-01-30T20:06:49Z" level=info msg="AuthHandler.Login : endpoint login successful"
time="2023-01-30T20:14:52Z" level=info msg="auth_service : successful init of enforcer"
time="2023-01-30T20:29:43Z" level=info msg="auth_service : successful init of enforcer"
time="2023-01-30T20:58:22Z" level=info msg="AuthHandler.Login : endpoint login reached"
time="2023-01-30T20:58:22Z" level=info msg="AuthService.Login : login service reached"
time="2023-01-30T20:58:22Z" level=info msg="AuthStore.GetOneUser : reached getOneUser in store"
time="2023-01-30T20:58:22Z" level=info msg="AuthStore.GetOneUser : getOneUser success"
time="2023-01-30T20:58:23Z" level=info msg="AuthHandler.Login : endpoint login successful"
time="2023-01-30T20:59:27Z" level=info msg="AuthHandler.Login : endpoint login reached"
time="2023-01-30T20:59:27Z" level=info msg="AuthService.Login : login service reached"
time="2023-01-30T20:59:27Z" level=info msg="AuthStore.GetOneUser : reached getOneUser in store"
time="2023-01-30T20:59:27Z" level=info msg="AuthStore.GetOneUser : getOneUser success"
time="2023-01-30T20:59:27Z" level=info msg="AuthHandler.Login : endpoint login successful"
time="2023-01-31T11:11:57Z" level=info msg="auth_service : successful init of enforcer"
time="2023-01-31T11:12:59Z" level=info msg="AuthHandler.Login : endpoint login reached"
time="2023-01-31T11:12:59Z" level=info msg="AuthService.Login : login service reached"
time="2023-01-31T11:12:59Z" level=info msg="AuthStore.GetOneUser : reached getOneUser in store"
time="2023-01-31T11:12:59Z" level=info msg="AuthStore.GetOneUser : getOneUser success"
time="2023-01-31T11:12:59Z" level=info msg="AuthHandler.Login : endpoint login successful"
time="2023-01-31T13:39:01Z" level=info msg="auth_service : successful init of enforcer"
time="2023-01-31T13:41:15Z" level=info msg="AuthHandler.Login : endpoint login reached"
time="2023-01-31T13:41:15Z" level=info msg="AuthService.Login : login service reached"
time="2023-01-31T13:41:15Z" level=info msg="AuthStore.GetOneUser : reached getOneUser in store"
time="2023-01-31T13:41:15Z" level=info msg="AuthStore.GetOneUser : getOneUser success"
time="2023-01-31T13:41:15Z" level=info msg="AuthHandler.Login : endpoint login successful"
time="2023-01-31T13:42:12Z" level=info msg="AuthHandler.Login : endpoint login reached"
time="2023-01-31T13:42:12Z" level=info msg="AuthService.Login : login service reached"
time="2023-01-31T13:42:12Z" level=info msg="AuthStore.GetOneUser : reached getOneUser in store"
time="2023-01-31T13:42:12Z" level=info msg="AuthStore.GetOneUser : getOneUser success"
time="2023-01-31T13:42:12Z" level=info msg="AuthHandler.Login : endpoint login successful"
time="2023-01-31T13:55:28Z" level=info msg="auth_service : successful init of enforcer"
time="2023-01-31T14:22:55Z" level=info msg="AuthHandler.Login : endpoint login reached"
time="2023-01-31T14:22:55Z" level=info msg="AuthService.Login : login service reached"
time="2023-01-31T14:22:55Z" level=info msg="AuthStore.GetOneUser : reached getOneUser in store"
time="2023-01-31T14:22:55Z" level=info msg="AuthStore.GetOneUser : getOneUser success"
time="2023-01-31T14:22:55Z" level=info msg="AuthHandler.Login : endpoint login successful"
time="2023-01-31T14:25:45Z" level=info msg="AuthHandler.Register : Register endpoint reached"
time="2023-01-31T14:25:45Z" level=info msg="AuthService.Register : register service reached"
time="2023-01-31T14:25:45Z" level=info msg="AuthStore.GetOneUser : reached getOneUser in store"
time="2023-01-31T14:25:45Z" level=error msg="AuthStore.GetOneUser.filterOne() : mongo: no documents in result"
time="2023-01-31T14:25:45Z" level=info msg="AuthService.Register : password sucessfully hashed"
time="2023-01-31T14:25:45Z" level=info msg="AuthStore.Register : reached register in store"
time="2023-01-31T14:25:45Z" level=info msg="AuthService.Register : register service finished"
time="2023-01-31T14:25:45Z" level=info msg="AuthHandler.Register : Registration success"
time="2023-01-31T14:25:45Z" level=info msg="AuthService.SendMail : sendMail service reached"
time="2023-01-31T14:25:45Z" level=info msg="AuthService.sendValidationMail : sendValidationMail service reached"
time="2023-01-31T14:25:47Z" level=info msg="AuthService.sendValidationMail : sendValidationMail service finished"
time="2023-01-31T14:25:47Z" level=info msg="AuthService.SendMail : sendMail service finished"
time="2023-01-31T14:26:16Z" level=info msg="AuthHandler.Login : endpoint login reached"
time="2023-01-31T14:26:16Z" level=info msg="AuthService.Login : login service reached"
time="2023-01-31T14:26:16Z" level=info msg="AuthStore.GetOneUser : reached getOneUser in store"
time="2023-01-31T14:26:16Z" level=info msg="AuthStore.GetOneUser : getOneUser success"
time="2023-01-31T14:26:16Z" level=info msg="AuthHandler.Login : endpoint login successful"
time="2023-01-31T14:29:12Z" level=info msg="AuthHandler.Login : endpoint login reached"
time="2023-01-31T14:29:12Z" level=info msg="AuthService.Login : login service reached"
time="2023-01-31T14:29:12Z" level=info msg="AuthStore.GetOneUser : reached getOneUser in store"
time="2023-01-31T14:29:12Z" level=info msg="AuthStore.GetOneUser : getOneUser success"
time="2023-01-31T14:29:12Z" level=info msg="AuthHandler.Login : endpoint login successful"
time="2023-01-31T14:29:47Z" level=info msg="AuthHandler.Login : endpoint login reached"
time="2023-01-31T14:29:47Z" level=info msg="AuthService.Login : login service reached"
time="2023-01-31T14:29:47Z" level=info msg="AuthStore.GetOneUser : reached getOneUser in store"
time="2023-01-31T14:29:47Z" level=info msg="AuthStore.GetOneUser : getOneUser success"
time="2023-01-31T14:29:47Z" level=info msg="AuthHandler.Login : endpoint login successful"
time="2023-01-31T14:30:23Z" level=info msg="AuthHandler.Login : endpoint login reached"
time="2023-01-31T14:30:23Z" level=info msg="AuthService.Login : login service reached"
time="2023-01-31T14:30:23Z" level=info msg="AuthStore.GetOneUser : reached getOneUser in store"
time="2023-01-31T14:30:23Z" level=info msg="AuthStore.GetOneUser : getOneUser success"
time="2023-01-31T14:30:23Z" level=info msg="AuthHandler.Login : endpoint login successful"
time="2023-01-31T14:34:52Z" level=info msg="auth_service : successful init of enforcer"
time="2023-01-31T14:39:55Z" level=info msg="AuthHandler.Login : endpoint login reached"
time="2023-01-31T14:39:55Z" level=info msg="AuthService.Login : login service reached"
time="2023-01-31T14:39:55Z" level=info msg="AuthStore.GetOneUser : reached getOneUser in store"
time="2023-01-31T14:39:55Z" level=info msg="AuthStore.GetOneUser : getOneUser success"
time="2023-01-31T14:39:55Z" level=info msg="AuthHandler.Login : endpoint login successful"
time="2023-01-31T20:41:23Z" level=info msg="auth_service : successful init of enforcer"
time="2023-01-31T20:43:25Z" level=info msg="AuthHandler.Login : endpoint login reached"
time="2023-01-31T20:43:25Z" level=info msg="AuthService.Login : login service reached"
time="2023-01-31T20:43:25Z" level=info msg="AuthStore.GetOneUser : reached getOneUser in store"
time="2023-01-31T20:43:25Z" level=info msg="AuthStore.GetOneUser : getOneUser success"
time="2023-01-31T20:43:25Z" level=info msg="AuthHandler.Login : endpoint login successful"
time="2023-01-31T20:43:32Z" level=info msg="AuthHandler.Login : endpoint login reached"
time="2023-01-31T20:43:32Z" level=info msg="AuthService.Login : login service reached"
time="2023-01-31T20:43:32Z" level=info msg="AuthStore.GetOneUser : reached getOneUser in store"
time="2023-01-31T20:43:32Z" level=info msg="AuthStore.GetOneUser : getOneUser success"
time="2023-01-31T20:43:32Z" level=info msg="AuthHandler.Login : endpoint login successful"
time="2023-01-31T20:52:18Z" level=info msg="AuthHandler.Login : endpoint login reached"
time="2023-01-31T20:52:18Z" level=info msg="AuthService.Login : login service reached"
time="2023-01-31T20:52:18Z" level=info msg="AuthStore.GetOneUser : reached getOneUser in store"
time="2023-01-31T20:52:18Z" level=info msg="AuthStore.GetOneUser : getOneUser success"
time="2023-01-31T20:52:18Z" level=info msg="AuthHandler.Login : endpoint login successful"
time="2023-01-31T20:53:12Z" level=info msg="AuthHandler.Login : endpoint login reached"
time="2023-01-31T20:53:12Z" level=info msg="AuthService.Login : login service reached"
time="2023-01-31T20:53:12Z" level=info msg="AuthStore.GetOneUser : reached getOneUser in store"
time="2023-01-31T20:53:12Z" level=info msg="AuthStore.GetOneUser : getOneUser success"
time="2023-01-31T20:53:12Z" level=info msg="AuthHandler.Login : endpoint login successful"
time="2023-01-31T20:53:22Z" level=info msg="AuthHandler.Login : endpoint login reached"
time="2023-01-31T20:53:22Z" level=info msg="AuthService.Login : login service reached"
time="2023-01-31T20:53:22Z" level=info msg="AuthStore.GetOneUser : reached getOneUser in store"
time="2023-01-31T20:53:22Z" level=info msg="AuthStore.GetOneUser : getOneUser success"
time="2023-01-31T20:53:22Z" level=info msg="AuthHandler.Login : endpoint login successful"
time="2023-01-31T21:10:24Z" level=info msg="auth_service : successful init of enforcer"
time="2023-01-31T21:11:03Z" level=info msg="AuthHandler.Login : endpoint login reached"
time="2023-01-31T21:11:03Z" level=info msg="AuthService.Login : login service reached"
time="2023-01-31T21:11:03Z" level=info msg="AuthStore.GetOneUser : reached getOneUser in store"
time="2023-01-31T21:11:03Z" level=info msg="AuthStore.GetOneUser : getOneUser success"
time="2023-01-31T21:11:03Z" level=info msg="AuthHandler.Login : endpoint login successful"
time="2023-01-31T21:14:33Z" level=info msg="AuthHandler.Login : endpoint login reached"
time="2023-01-31T21:14:33Z" level=info msg="AuthService.Login : login service reached"
time="2023-01-31T21:14:33Z" level=info msg="AuthStore.GetOneUser : reached getOneUser in store"
time="2023-01-31T21:14:33Z" level=info msg="AuthStore.GetOneUser : getOneUser success"
time="2023-01-31T21:14:33Z" level=info msg="AuthHandler.Login : endpoint login successful"
time="2023-02-01T14:26:49Z" level=info msg="auth_service : successful init of enforcer"
time="2023-02-01T14:42:30Z" level=info msg="auth_service : successful init of enforcer"
time="2023-02-01T14:45:04Z" level=info msg="AuthHandler.Register : Register endpoint reached"
time="2023-02-01T14:45:04Z" level=info msg="AuthService.Register : register service reached"
time="2023-02-01T14:45:04Z" level=info msg="AuthStore.GetOneUser : reached getOneUser in store"
time="2023-02-01T14:45:04Z" level=error msg="AuthStore.GetOneUser.filterOne() : mongo: no documents in result"
time="2023-02-01T14:45:04Z" level=info msg="AuthService.Register : password sucessfully hashed"
time="2023-02-01T14:45:04Z" level=info msg="AuthStore.Register : reached register in store"
time="2023-02-01T14:45:04Z" level=info msg="AuthService.Register : register service finished"
time="2023-02-01T14:45:04Z" level=info msg="AuthHandler.Register : Registration success"
time="2023-02-01T14:45:06Z" level=info msg="AuthService.SendMail : sendMail service reached"
time="2023-02-01T14:45:06Z" level=info msg="AuthService.sendValidationMail : sendValidationMail service reached"
time="2023-02-01T14:45:20Z" level=error msg="AuthService.sendValidationMail : 535 5.7.139 Authentication unsuccessful, account locked. Contact your administrator. [VI1PR0102CA0028.eurprd01.prod.exchangelabs.com 2023-02-01T14:45:15.261Z 08DB033FEAADB503]"
time="2023-02-01T14:45:20Z" level=error msg="AuthService.SendMail : 535 5.7.139 Authentication unsuccessful, account locked. Contact your administrator. [VI1PR0102CA0028.eurprd01.prod.exchangelabs.com 2023-02-01T14:45:15.261Z 08DB033FEAADB503] (failed to sent mail)"
time="2023-02-01T14:45:20Z" level=info msg="AuthService.DeleteUserByID : deleteUser service reached"
time="2023-02-01T14:45:20Z" level=info msg="AuthStore.DeleteUserByID : reached deleteUserbyID in store"
time="2023-02-01T14:45:20Z" level=info msg="AuthStore.DeleteUserByID : deletebyID success"
time="2023-02-01T14:45:35Z" level=info msg="AuthHandler.Login : endpoint login reached"
time="2023-02-01T14:45:35Z" level=info msg="AuthService.Login : login service reached"
time="2023-02-01T14:45:35Z" level=info msg="AuthStore.GetOneUser : reached getOneUser in store"
time="2023-02-01T14:45:35Z" level=error msg="AuthStore.GetOneUser.filterOne() : mongo: no documents in result"
time="2023-02-01T14:45:35Z" level=error msg="AuthService.Login.GetOneUser() mongo: no documents in result"
time="2023-02-01T14:45:35Z" level=error msg="AuthHandler.Login : mongo: no documents in result (username not exist)"
time="2023-02-01T14:47:25Z" level=info msg="auth_service : successful init of enforcer"
time="2023-02-01T14:47:51Z" level=info msg="AuthHandler.Register : Register endpoint reached"
time="2023-02-01T14:47:51Z" level=info msg="AuthService.Register : register service reached"
time="2023-02-01T14:47:51Z" level=info msg="AuthStore.GetOneUser : reached getOneUser in store"
time="2023-02-01T14:47:51Z" level=error msg="AuthStore.GetOneUser.filterOne() : mongo: no documents in result"
time="2023-02-01T14:47:51Z" level=info msg="AuthService.Register : password sucessfully hashed"
time="2023-02-01T14:47:51Z" level=info msg="AuthStore.Register : reached register in store"
time="2023-02-01T14:47:51Z" level=info msg="AuthService.Register : register service finished"
time="2023-02-01T14:47:51Z" level=info msg="AuthHandler.Register : Registration success"
time="2023-02-01T14:47:52Z" level=info msg="AuthService.SendMail : sendMail service reached"
time="2023-02-01T14:47:52Z" level=info msg="AuthService.sendValidationMail : sendValidationMail service reached"
time="2023-02-01T14:47:56Z" level=info msg="AuthService.sendValidationMail : sendValidationMail service finished"
time="2023-02-01T14:47:56Z" level=info msg="AuthService.SendMail : sendMail service finished"
time="2023-02-01T14:48:21Z" level=info msg="AuthHandler.Login : endpoint login reached"
time="2023-02-01T14:48:21Z" level=info msg="AuthService.Login : login service reached"
time="2023-02-01T14:48:21Z" level=info msg="AuthStore.GetOneUser : reached getOneUser in store"
time="2023-02-01T14:48:21Z" level=info msg="AuthStore.GetOneUser : getOneUser success"
time="2023-02-01T14:48:21Z" level=info msg="AuthHandler.Login : endpoint login successful"
time="2023-02-01T14:48:58Z" level=info msg="AuthHandler.Register : Register endpoint reached"
time="2023-02-01T14:48:58Z" level=info msg="AuthService.Register : register service reached"
time="2023-02-01T14:48:58Z" level=info msg="AuthStore.GetOneUser : reached getOneUser in store"
time="2023-02-01T14:48:58Z" level=error msg="AuthStore.GetOneUser.filterOne() : mongo: no documents in result"
time="2023-02-01T14:48:59Z" level=info msg="AuthService.Register : password sucessfully hashed"
time="2023-02-01T14:48:59Z" level=info msg="AuthStore.Register : reached register in store"
time="2023-02-01T14:48:59Z" level=info msg="AuthService.Register : register service finished"
time="2023-02-01T14:48:59Z" level=info msg="AuthHandler.Register : Registration success"
time="2023-02-01T14:48:59Z" level=info msg="AuthService.SendMail : sendMail service reached"
time="2023-02-01T14:48:59Z" level=info msg="AuthService.sendValidationMail : sendValidationMail service reached"
time="2023-02-01T14:49:02Z" level=info msg="AuthService.sendValidationMail : sendValidationMail service finished"
time="2023-02-01T14:49:02Z" level=info msg="AuthService.SendMail : sendMail service finished"
time="2023-02-01T14:49:39Z" level=info msg="AuthHandler.Register : Register endpoint reached"
time="2023-02-01T14:49:39Z" level=info msg="AuthService.Register : register service reached"
time="2023-02-01T14:49:39Z" level=info msg="AuthStore.GetOneUser : reached getOneUser in store"
time="2023-02-01T14:49:39Z" level=error msg="AuthStore.GetOneUser.filterOne() : mongo: no documents in result"
time="2023-02-01T14:49:39Z" level=info msg="AuthService.Register : password sucessfully hashed"
time="2023-02-01T14:49:39Z" level=info msg="AuthStore.Register : reached register in store"
time="2023-02-01T14:49:39Z" level=info msg="AuthService.Register : register service finished"
time="2023-02-01T14:49:39Z" level=info msg="AuthHandler.Register : Registration success"
time="2023-02-01T14:49:39Z" level=info msg="AuthService.SendMail : sendMail service reached"
time="2023-02-01T14:49:39Z" level=info msg="AuthService.sendValidationMail : sendValidationMail service reached"
time="2023-02-01T14:49:42Z" level=info msg="AuthService.sendValidationMail : sendValidationMail service finished"
time="2023-02-01T14:49:42Z" level=info msg="AuthService.SendMail : sendMail service finished"
time="2023-02-01T14:50:17Z" level=info msg="AuthHandler.Register : Register endpoint reached"
time="2023-02-01T14:50:17Z" level=info msg="AuthService.Register : register service reached"
time="2023-02-01T14:50:17Z" level=info msg="AuthStore.GetOneUser : reached getOneUser in store"
time="2023-02-01T14:50:17Z" level=error msg="AuthStore.GetOneUser.filterOne() : mongo: no documents in result"
time="2023-02-01T14:50:17Z" level=info msg="AuthService.Register : password sucessfully hashed"
time="2023-02-01T14:50:17Z" level=info msg="AuthStore.Register : reached register in store"
time="2023-02-01T14:50:17Z" level=info msg="AuthService.Register : register service finished"
time="2023-02-01T14:50:17Z" level=info msg="AuthHandler.Register : Registration success"
time="2023-02-01T14:50:17Z" level=info msg="AuthService.SendMail : sendMail service reached"
time="2023-02-01T14:50:17Z" level=info msg="AuthService.sendValidationMail : sendValidationMail service reached"
time="2023-02-01T14:50:20Z" level=error msg="AuthService.sendValidationMail : failed to send verification mail because of: %s gomail: could not send email 1: 554 5.2.0 STOREDRV.Submission.Exception:OutboundSpamException; Failed to process message due to a permanent exception with message [BeginDiagnosticData]WASCL UserAction verdict is not None. Actual verdict is Suspend, ShowTierUpgrade. OutboundSpamException: WASCL UserAction verdict is not None. Actual verdict is Suspend, ShowTierUpgrade.[EndDiagnosticData] [Hostname=AS8P193MB2287.EURP193.PROD.OUTLOOK.COM]"
time="2023-02-01T14:50:21Z" level=info msg="auth_service : successful init of enforcer"
time="2023-02-01T14:51:18Z" level=info msg="AuthHandler.Register : Register endpoint reached"
time="2023-02-01T14:51:18Z" level=info msg="AuthService.Register : register service reached"
time="2023-02-01T14:51:18Z" level=info msg="AuthStore.GetOneUser : reached getOneUser in store"
time="2023-02-01T14:51:18Z" level=error msg="AuthStore.GetOneUser.filterOne() : mongo: no documents in result"
time="2023-02-01T14:51:18Z" level=info msg="AuthService.Register : password sucessfully hashed"
time="2023-02-01T14:51:18Z" level=info msg="AuthStore.Register : reached register in store"
time="2023-02-01T14:51:18Z" level=info msg="AuthService.Register : register service finished"
time="2023-02-01T14:51:18Z" level=info msg="AuthHandler.Register : Registration success"
time="2023-02-01T14:51:18Z" level=info msg="AuthService.SendMail : sendMail service reached"
time="2023-02-01T14:51:18Z" level=info msg="AuthService.sendValidationMail : sendValidationMail service reached"
time="2023-02-01T14:51:20Z" level=error msg="AuthService.sendValidationMail : failed to send verification mail because of: %s gomail: could not send email 1: 554 5.2.0 STOREDRV.Submission.Exception:OutboundSpamException; Failed to process message due to a permanent exception with message [BeginDiagnosticData]WASCL UserAction verdict is not None. Actual verdict is Suspend, ShowTierUpgrade. OutboundSpamException: WASCL UserAction verdict is not None. Actual verdict is Suspend, ShowTierUpgrade.[EndDiagnosticData] [Hostname=AS8P193MB2287.EURP193.PROD.OUTLOOK.COM]"
time="2023-02-01T14:51:21Z" level=info msg="auth_service : successful init of enforcer"
time="2023-02-01T14:52:03Z" level=info msg="AuthHandler.Register : Register endpoint reached"
time="2023-02-01T14:52:03Z" level=info msg="AuthService.Register : register service reached"
time="2023-02-01T14:52:03Z" level=info msg="AuthStore.GetOneUser : reached getOneUser in store"
time="2023-02-01T14:52:03Z" level=error msg="AuthStore.GetOneUser.filterOne() : mongo: no documents in result"
time="2023-02-01T14:52:03Z" level=info msg="AuthService.Register : password sucessfully hashed"
time="2023-02-01T14:52:03Z" level=info msg="AuthStore.Register : reached register in store"
time="2023-02-01T14:52:03Z" level=info msg="AuthService.Register : register service finished"
time="2023-02-01T14:52:03Z" level=info msg="AuthHandler.Register : Registration success"
time="2023-02-01T14:52:03Z" level=info msg="AuthService.SendMail : sendMail service reached"
time="2023-02-01T14:52:03Z" level=info msg="AuthService.sendValidationMail : sendValidationMail service reached"
time="2023-02-01T14:52:05Z" level=error msg="AuthService.sendValidationMail : failed to send verification mail because of: %s gomail: could not send email 1: 554 5.2.0 STOREDRV.Submission.Exception:OutboundSpamException; Failed to process message due to a permanent exception with message [BeginDiagnosticData]WASCL UserAction verdict is not None. Actual verdict is Suspend, ShowTierUpgrade. OutboundSpamException: WASCL UserAction verdict is not None. Actual verdict is Suspend, ShowTierUpgrade.[EndDiagnosticData] [Hostname=AS8P193MB2287.EURP193.PROD.OUTLOOK.COM]"
time="2023-02-01T14:52:06Z" level=info msg="auth_service : successful init of enforcer"
time="2023-02-01T14:53:00Z" level=info msg="AuthHandler.Login : endpoint login reached"
time="2023-02-01T14:53:00Z" level=info msg="AuthService.Login : login service reached"
time="2023-02-01T14:53:00Z" level=info msg="AuthStore.GetOneUser : reached getOneUser in store"
time="2023-02-01T14:53:00Z" level=info msg="AuthStore.GetOneUser : getOneUser success"
time="2023-02-01T14:53:00Z" level=info msg="AuthHandler.Login : endpoint login successful"
time="2023-02-01T14:54:37Z" level=info msg="AuthHandler.Register : Register endpoint reached"
time="2023-02-01T14:54:37Z" level=info msg="AuthService.Register : register service reached"
time="2023-02-01T14:54:37Z" level=info msg="AuthStore.GetOneUser : reached getOneUser in store"
time="2023-02-01T14:54:37Z" level=info msg="AuthStore.GetOneUser : getOneUser success"
time="2023-02-01T14:54:37Z" level=error msg="AuthService.Register : username exists in database"
time="2023-02-01T14:54:37Z" level=error msg="AuthHandler.Register : username already exists in database"
time="2023-02-01T14:54:48Z" level=info msg="AuthHandler.Login : endpoint login reached"
time="2023-02-01T14:54:48Z" level=info msg="AuthService.Login : login service reached"
time="2023-02-01T14:54:48Z" level=info msg="AuthStore.GetOneUser : reached getOneUser in store"
time="2023-02-01T14:54:48Z" level=info msg="AuthStore.GetOneUser : getOneUser success"
time="2023-02-01T14:54:48Z" level=info msg="AuthHandler.Login : endpoint login successful"
time="2023-02-01T14:57:52Z" level=info msg="auth_service : successful init of enforcer"
time="2023-02-01T14:58:28Z" level=info msg="AuthHandler.Register : Register endpoint reached"
time="2023-02-01T14:58:28Z" level=info msg="AuthService.Register : register service reached"
time="2023-02-01T14:58:28Z" level=info msg="AuthStore.GetOneUser : reached getOneUser in store"
time="2023-02-01T14:58:28Z" level=error msg="AuthStore.GetOneUser.filterOne() : mongo: no documents in result"
time="2023-02-01T14:58:28Z" level=info msg="AuthService.Register : password sucessfully hashed"
time="2023-02-01T14:58:28Z" level=info msg="AuthStore.Register : reached register in store"
time="2023-02-01T14:58:28Z" level=info msg="AuthService.Register : register service finished"
time="2023-02-01T14:58:28Z" level=info msg="AuthHandler.Register : Registration success"
time="2023-02-01T14:58:28Z" level=info msg="AuthService.SendMail : sendMail service reached"
time="2023-02-01T14:58:28Z" level=info msg="AuthService.sendValidationMail : sendValidationMail service reached"
time="2023-02-01T14:58:38Z" level=error msg="AuthService.sendValidationMail : dial tcp 52.97.148.214:5879: i/o timeout"
time="2023-02-01T14:58:38Z" level=error msg="AuthService.SendMail : dial tcp 52.97.148.214:5879: i/o timeout (failed to sent mail)"
time="2023-02-01T14:58:38Z" level=info msg="AuthService.DeleteUserByID : deleteUser service reached"
time="2023-02-01T14:58:38Z" level=info msg="AuthStore.DeleteUserByID : reached deleteUserbyID in store"
time="2023-02-01T14:58:38Z" level=info msg="AuthStore.DeleteUserByID : deletebyID success"
time="2023-02-01T14:58:53Z" level=info msg="AuthHandler.Login : endpoint login reached"
time="2023-02-01T14:58:53Z" level=info msg="AuthService.Login : login service reached"
time="2023-02-01T14:58:53Z" level=info msg="AuthStore.GetOneUser : reached getOneUser in store"
time="2023-02-01T14:58:53Z" level=error msg="AuthStore.GetOneUser.filterOne() : mongo: no documents in result"
time="2023-02-01T14:58:53Z" level=error msg="AuthService.Login.GetOneUser() mongo: no documents in result"
time="2023-02-01T14:58:53Z" level=error msg="AuthHandler.Login : mongo: no documents in result (username not exist)"
time="2023-02-01T14:59:03Z" level=info msg="AuthHandler.Login : endpoint login reached"
time="2023-02-01T14:59:03Z" level=info msg="AuthService.Login : login service reached"
time="2023-02-01T14:59:03Z" level=info msg="AuthStore.GetOneUser : reached getOneUser in store"
time="2023-02-01T14:59:03Z" level=info msg="AuthStore.GetOneUser : getOneUser success"
time="2023-02-01T14:59:03Z" level=info msg="AuthHandler.Login : endpoint login successful"
time="2023-02-01T15:00:00Z" level=info msg="AuthHandler.Login : endpoint login reached"
time="2023-02-01T15:00:00Z" level=info msg="AuthService.Login : login service reached"
time="2023-02-01T15:00:00Z" level=info msg="AuthStore.GetOneUser : reached getOneUser in store"
time="2023-02-01T15:00:00Z" level=info msg="AuthStore.GetOneUser : getOneUser success"
time="2023-02-01T15:00:00Z" level=info msg="AuthHandler.Login : endpoint login successful"
time="2023-02-01T15:02:01Z" level=info msg="AuthHandler.Login : endpoint login reached"
time="2023-02-01T15:02:01Z" level=info msg="AuthService.Login : login service reached"
time="2023-02-01T15:02:01Z" level=info msg="AuthStore.GetOneUser : reached getOneUser in store"
time="2023-02-01T15:02:01Z" level=info msg="AuthStore.GetOneUser : getOneUser success"
time="2023-02-01T15:02:01Z" level=info msg="AuthHandler.Login : endpoint login successful"
time="2023-02-01T15:03:14Z" level=info msg="AuthHandler.Login : endpoint login reached"
time="2023-02-01T15:03:14Z" level=info msg="AuthService.Login : login service reached"
time="2023-02-01T15:03:14Z" level=info msg="AuthStore.GetOneUser : reached getOneUser in store"
time="2023-02-01T15:03:14Z" level=info msg="AuthStore.GetOneUser : getOneUser success"
time="2023-02-01T15:03:14Z" level=info msg="AuthHandler.Login : endpoint login successful"
time="2023-02-01T15:04:46Z" level=info msg="AuthHandler.Login : endpoint login reached"
time="2023-02-01T15:04:46Z" level=info msg="AuthService.Login : login service reached"
time="2023-02-01T15:04:46Z" level=info msg="AuthStore.GetOneUser : reached getOneUser in store"
time="2023-02-01T15:04:46Z" level=info msg="AuthStore.GetOneUser : getOneUser success"
time="2023-02-01T15:04:46Z" level=info msg="AuthHandler.Login : endpoint login successful"
time="2023-02-01T15:05:27Z" level=info msg="AuthHandler.Login : endpoint login reached"
time="2023-02-01T15:05:27Z" level=info msg="AuthService.Login : login service reached"
time="2023-02-01T15:05:27Z" level=info msg="AuthStore.GetOneUser : reached getOneUser in store"
time="2023-02-01T15:05:27Z" level=info msg="AuthStore.GetOneUser : getOneUser success"
time="2023-02-01T15:05:27Z" level=info msg="AuthHandler.Login : endpoint login successful"
time="2023-02-01T15:05:42Z" level=info msg="AuthHandler.Login : endpoint login reached"
time="2023-02-01T15:05:42Z" level=info msg="AuthService.Login : login service reached"
time="2023-02-01T15:05:42Z" level=info msg="AuthStore.GetOneUser : reached getOneUser in store"
time="2023-02-01T15:05:42Z" level=info msg="AuthStore.GetOneUser : getOneUser success"
time="2023-02-01T15:05:42Z" level=info msg="AuthHandler.Login : endpoint login successful"
time="2023-02-01T15:06:13Z" level=info msg="AuthHandler.Login : endpoint login reached"
time="2023-02-01T15:06:13Z" level=info msg="AuthService.Login : login service reached"
time="2023-02-01T15:06:13Z" level=info msg="AuthStore.GetOneUser : reached getOneUser in store"
time="2023-02-01T15:06:13Z" level=error msg="AuthStore.GetOneUser.filterOne() : mongo: no documents in result"
time="2023-02-01T15:06:13Z" level=error msg="AuthService.Login.GetOneUser() mongo: no documents in result"
time="2023-02-01T15:06:13Z" level=error msg="AuthHandler.Login : mongo: no documents in result (username not exist)"
time="2023-02-01T15:06:18Z" level=info msg="AuthHandler.Login : endpoint login reached"
time="2023-02-01T15:06:18Z" level=info msg="AuthService.Login : login service reached"
time="2023-02-01T15:06:18Z" level=info msg="AuthStore.GetOneUser : reached getOneUser in store"
time="2023-02-01T15:06:18Z" level=info msg="AuthStore.GetOneUser : getOneUser success"
time="2023-02-01T15:06:18Z" level=info msg="AuthHandler.Login : endpoint login successful"
time="2023-02-01T15:06:32Z" level=info msg="AuthHandler.Login : endpoint login reached"
time="2023-02-01T15:06:32Z" level=info msg="AuthService.Login : login service reached"
time="2023-02-01T15:06:32Z" level=info msg="AuthStore.GetOneUser : reached getOneUser in store"
time="2023-02-01T15:06:32Z" level=info msg="AuthStore.GetOneUser : getOneUser success"
time="2023-02-01T15:06:32Z" level=info msg="AuthHandler.Login : endpoint login successful"
time="2023-02-01T15:07:06Z" level=info msg="AuthHandler.Login : endpoint login reached"
time="2023-02-01T15:07:06Z" level=info msg="AuthService.Login : login service reached"
time="2023-02-01T15:07:06Z" level=info msg="AuthStore.GetOneUser : reached getOneUser in store"
time="2023-02-01T15:07:06Z" level=info msg="AuthStore.GetOneUser : getOneUser success"
time="2023-02-01T15:07:07Z" level=info msg="AuthHandler.Login : endpoint login successful"
time="2023-02-01T15:07:19Z" level=info msg="AuthHandler.Login : endpoint login reached"
time="2023-02-01T15:07:19Z" level=info msg="AuthService.Login : login service reached"
time="2023-02-01T15:07:19Z" level=info msg="AuthStore.GetOneUser : reached getOneUser in store"
time="2023-02-01T15:07:19Z" level=info msg="AuthStore.GetOneUser : getOneUser success"
time="2023-02-01T15:07:19Z" level=info msg="AuthHandler.Login : endpoint login successful"
time="2023-02-01T15:18:48Z" level=info msg="AuthHandler.Login : endpoint login reached"
time="2023-02-01T15:18:48Z" level=info msg="AuthService.Login : login service reached"
time="2023-02-01T15:18:48Z" level=info msg="AuthStore.GetOneUser : reached getOneUser in store"
time="2023-02-01T15:18:48Z" level=info msg="AuthStore.GetOneUser : getOneUser success"
time="2023-02-01T15:18:48Z" level=info msg="AuthHandler.Login : endpoint login successful"
time="2023-02-01T15:18:59Z" level=info msg="AuthHandler.Login : endpoint login reached"
time="2023-02-01T15:18:59Z" level=info msg="AuthService.Login : login service reached"
time="2023-02-01T15:18:59Z" level=info msg="AuthStore.GetOneUser : reached getOneUser in store"
time="2023-02-01T15:18:59Z" level=info msg="AuthStore.GetOneUser : getOneUser success"
time="2023-02-01T15:18:59Z" level=info msg="AuthHandler.Login : endpoint login successful"
time="2023-02-01T15:19:09Z" level=info msg="AuthHandler.Login : endpoint login reached"
time="2023-02-01T15:19:09Z" level=info msg="AuthService.Login : login service reached"
time="2023-02-01T15:19:09Z" level=info msg="AuthStore.GetOneUser : reached getOneUser in store"
time="2023-02-01T15:19:09Z" level=info msg="AuthStore.GetOneUser : getOneUser success"
time="2023-02-01T15:19:09Z" level=info msg="AuthHandler.Login : endpoint login successful"
time="2023-02-01T15:20:37Z" level=info msg="AuthHandler.Login : endpoint login reached"
time="2023-02-01T15:20:37Z" level=info msg="AuthService.Login : login service reached"
time="2023-02-01T15:20:37Z" level=info msg="AuthStore.GetOneUser : reached getOneUser in store"
time="2023-02-01T15:20:37Z" level=info msg="AuthStore.GetOneUser : getOneUser success"
time="2023-02-01T15:20:38Z" level=info msg="AuthHandler.Login : endpoint login successful"
time="2023-02-01T15:21:03Z" level=info msg="AuthHandler.Login : endpoint login reached"
time="2023-02-01T15:21:03Z" level=info msg="AuthService.Login : login service reached"
time="2023-02-01T15:21:03Z" level=info msg="AuthStore.GetOneUser : reached getOneUser in store"
time="2023-02-01T15:21:03Z" level=info msg="AuthStore.GetOneUser : getOneUser success"
time="2023-02-01T15:21:03Z" level=info msg="AuthHandler.Login : endpoint login successful"
time="2023-02-01T15:21:24Z" level=info msg="AuthHandler.Login : endpoint login reached"
time="2023-02-01T15:21:24Z" level=info msg="AuthService.Login : login service reached"
time="2023-02-01T15:21:24Z" level=info msg="AuthStore.GetOneUser : reached getOneUser in store"
time="2023-02-01T15:21:24Z" level=info msg="AuthStore.GetOneUser : getOneUser success"
time="2023-02-01T15:21:24Z" level=info msg="AuthHandler.Login : endpoint login successful"
time="2023-02-01T15:22:26Z" level=info msg="AuthHandler.Login : endpoint login reached"
time="2023-02-01T15:22:26Z" level=info msg="AuthService.Login : login service reached"
time="2023-02-01T15:22:26Z" level=info msg="AuthStore.GetOneUser : reached getOneUser in store"
time="2023-02-01T15:22:26Z" level=info msg="AuthStore.GetOneUser : getOneUser success"
time="2023-02-01T15:22:26Z" level=info msg="AuthHandler.Login : endpoint login successful"
time="2023-02-01T15:22:46Z" level=info msg="AuthHandler.Login : endpoint login reached"
time="2023-02-01T15:22:46Z" level=info msg="AuthService.Login : login service reached"
time="2023-02-01T15:22:46Z" level=info msg="AuthStore.GetOneUser : reached getOneUser in store"
time="2023-02-01T15:22:46Z" level=info msg="AuthStore.GetOneUser : getOneUser success"
time="2023-02-01T15:22:46Z" level=info msg="AuthHandler.Login : endpoint login successful"
time="2023-02-01T15:24:15Z" level=info msg="AuthHandler.Login : endpoint login reached"
time="2023-02-01T15:24:15Z" level=info msg="AuthService.Login : login service reached"
time="2023-02-01T15:24:15Z" level=info msg="AuthStore.GetOneUser : reached getOneUser in store"
time="2023-02-01T15:24:15Z" level=info msg="AuthStore.GetOneUser : getOneUser success"
time="2023-02-01T15:24:15Z" level=info msg="AuthHandler.Login : endpoint login successful"
time="2023-02-01T15:24:36Z" level=info msg="AuthHandler.Login : endpoint login reached"
time="2023-02-01T15:24:36Z" level=info msg="AuthService.Login : login service reached"
time="2023-02-01T15:24:36Z" level=info msg="AuthStore.GetOneUser : reached getOneUser in store"
time="2023-02-01T15:24:36Z" level=info msg="AuthStore.GetOneUser : getOneUser success"
time="2023-02-01T15:24:36Z" level=info msg="AuthHandler.Login : endpoint login successful"
time="2023-02-01T15:24:56Z" level=info msg="AuthHandler.Login : endpoint login reached"
time="2023-02-01T15:24:56Z" level=info msg="AuthService.Login : login service reached"
time="2023-02-01T15:24:56Z" level=info msg="AuthStore.GetOneUser : reached getOneUser in store"
time="2023-02-01T15:24:56Z" level=info msg="AuthStore.GetOneUser : getOneUser success"
time="2023-02-01T15:24:56Z" level=info msg="AuthHandler.Login : endpoint login successful"
time="2023-02-01T15:25:06Z" level=info msg="AuthHandler.Login : endpoint login reached"
time="2023-02-01T15:25:06Z" level=info msg="AuthService.Login : login service reached"
time="2023-02-01T15:25:06Z" level=info msg="AuthStore.GetOneUser : reached getOneUser in store"
time="2023-02-01T15:25:06Z" level=info msg="AuthStore.GetOneUser : getOneUser success"
time="2023-02-01T15:25:06Z" level=info msg="AuthHandler.Login : endpoint login successful"
time="2023-02-01T15:25:25Z" level=info msg="AuthHandler.Login : endpoint login reached"
time="2023-02-01T15:25:25Z" level=info msg="AuthService.Login : login service reached"
time="2023-02-01T15:25:25Z" level=info msg="AuthStore.GetOneUser : reached getOneUser in store"
time="2023-02-01T15:25:25Z" level=info msg="AuthStore.GetOneUser : getOneUser success"
time="2023-02-01T15:25:25Z" level=info msg="AuthHandler.Login : endpoint login successful"
time="2023-02-01T15:25:49Z" level=info msg="AuthHandler.Login : endpoint login reached"
time="2023-02-01T15:25:49Z" level=info msg="AuthService.Login : login service reached"
time="2023-02-01T15:25:49Z" level=info msg="AuthStore.GetOneUser : reached getOneUser in store"
time="2023-02-01T15:25:49Z" level=info msg="AuthStore.GetOneUser : getOneUser success"
time="2023-02-01T15:25:49Z" level=info msg="AuthHandler.Login : endpoint login successful"
time="2023-02-01T15:29:29Z" level=info msg="AuthHandler.Login : endpoint login reached"
time="2023-02-01T15:29:29Z" level=info msg="AuthService.Login : login service reached"
time="2023-02-01T15:29:29Z" level=info msg="AuthStore.GetOneUser : reached getOneUser in store"
time="2023-02-01T15:29:29Z" level=info msg="AuthStore.GetOneUser : getOneUser success"
time="2023-02-01T15:29:29Z" level=info msg="AuthHandler.Login : endpoint login successful"
time="2023-02-01T15:55:14Z" level=info msg="auth_service : successful init of enforcer"
time="2023-02-01T16:10:11Z" level=info msg="AuthHandler.Login : endpoint login reached"
time="2023-02-01T16:10:11Z" level=info msg="AuthService.Login : login service reached"
time="2023-02-01T16:10:11Z" level=info msg="AuthStore.GetOneUser : reached getOneUser in store"
time="2023-02-01T16:10:11Z" level=info msg="AuthStore.GetOneUser : getOneUser success"
time="2023-02-01T16:10:11Z" level=info msg="AuthHandler.Login : endpoint login successful"
time="2023-02-01T16:11:04Z" level=info msg="AuthHandler.Login : endpoint login reached"
time="2023-02-01T16:11:04Z" level=info msg="AuthService.Login : login service reached"
time="2023-02-01T16:11:04Z" level=info msg="AuthStore.GetOneUser : reached getOneUser in store"
time="2023-02-01T16:11:04Z" level=info msg="AuthStore.GetOneUser : getOneUser success"
time="2023-02-01T16:11:04Z" level=info msg="AuthHandler.Login : endpoint login successful"
time="2023-02-01T16:12:35Z" level=info msg="AuthHandler.Login : endpoint login reached"
time="2023-02-01T16:12:35Z" level=info msg="AuthService.Login : login service reached"
time="2023-02-01T16:12:35Z" level=info msg="AuthStore.GetOneUser : reached getOneUser in store"
time="2023-02-01T16:12:35Z" level=info msg="AuthStore.GetOneUser : getOneUser success"
time="2023-02-01T16:12:36Z" level=info msg="AuthHandler.Login : endpoint login successful"
time="2023-02-01T16:13:08Z" level=info msg="AuthHandler.Login : endpoint login reached"
time="2023-02-01T16:13:08Z" level=info msg="AuthService.Login : login service reached"
time="2023-02-01T16:13:08Z" level=info msg="AuthStore.GetOneUser : reached getOneUser in store"
time="2023-02-01T16:13:08Z" level=info msg="AuthStore.GetOneUser : getOneUser success"
time="2023-02-01T16:13:08Z" level=info msg="AuthHandler.Login : endpoint login successful"
time="2023-02-02T19:52:21Z" level=info msg="auth_service : successful init of enforcer"
time="2023-02-02T19:57:15Z" level=info msg="AuthHandler.Login : endpoint login reached"
time="2023-02-02T19:57:15Z" level=info msg="AuthService.Login : login service reached"
time="2023-02-02T19:57:15Z" level=info msg="AuthStore.GetOneUser : reached getOneUser in store"
time="2023-02-02T19:57:15Z" level=info msg="AuthStore.GetOneUser : getOneUser success"
time="2023-02-02T19:57:15Z" level=info msg="AuthHandler.Login : endpoint login successful"
time="2023-02-02T19:57:39Z" level=info msg="AuthHandler.Login : endpoint login reached"
time="2023-02-02T19:57:39Z" level=info msg="AuthService.Login : login service reached"
time="2023-02-02T19:57:39Z" level=info msg="AuthStore.GetOneUser : reached getOneUser in store"
time="2023-02-02T19:57:39Z" level=info msg="AuthStore.GetOneUser : getOneUser success"
time="2023-02-02T19:57:39Z" level=info msg="AuthHandler.Login : endpoint login successful"
time="2023-02-02T20:00:38Z" level=info msg="AuthHandler.Login : endpoint login reached"
time="2023-02-02T20:00:38Z" level=info msg="AuthService.Login : login service reached"
time="2023-02-02T20:00:38Z" level=info msg="AuthStore.GetOneUser : reached getOneUser in store"
time="2023-02-02T20:00:38Z" level=info msg="AuthStore.GetOneUser : getOneUser success"
time="2023-02-02T20:00:38Z" level=info msg="AuthHandler.Login : endpoint login successful"
time="2023-02-03T07:37:59Z" level=info msg="auth_service : successful init of enforcer"
time="2023-02-03T07:40:20Z" level=info msg="auth_service : successful init of enforcer"
time="2023-02-03T07:41:07Z" level=info msg="AuthHandler.Login : endpoint login reached"
time="2023-02-03T07:41:07Z" level=info msg="AuthService.Login : login service reached"
time="2023-02-03T07:41:07Z" level=info msg="AuthStore.GetOneUser : reached getOneUser in store"
time="2023-02-03T07:41:07Z" level=info msg="AuthStore.GetOneUser : getOneUser success"
time="2023-02-03T07:41:07Z" level=info msg="AuthHandler.Login : endpoint login successful"
time="2023-02-03T07:43:29Z" level=info msg="AuthHandler.Login : endpoint login reached"
time="2023-02-03T07:43:29Z" level=info msg="AuthService.Login : login service reached"
time="2023-02-03T07:43:29Z" level=info msg="AuthStore.GetOneUser : reached getOneUser in store"
time="2023-02-03T07:43:29Z" level=error msg="AuthStore.GetOneUser.filterOne() : mongo: no documents in result"
time="2023-02-03T07:43:29Z" level=error msg="AuthService.Login.GetOneUser() mongo: no documents in result"
time="2023-02-03T07:43:29Z" level=error msg="AuthHandler.Login : mongo: no documents in result (username not exist)"
time="2023-02-03T07:43:32Z" level=info msg="AuthHandler.Login : endpoint login reached"
time="2023-02-03T07:43:32Z" level=info msg="AuthService.Login : login service reached"
time="2023-02-03T07:43:32Z" level=info msg="AuthStore.GetOneUser : reached getOneUser in store"
time="2023-02-03T07:43:32Z" level=error msg="AuthStore.GetOneUser.filterOne() : mongo: no documents in result"
time="2023-02-03T07:43:32Z" level=error msg="AuthService.Login.GetOneUser() mongo: no documents in result"
time="2023-02-03T07:43:32Z" level=error msg="AuthHandler.Login : mongo: no documents in result (username not exist)"
time="2023-02-03T07:43:39Z" level=info msg="AuthHandler.Login : endpoint login reached"
time="2023-02-03T07:43:39Z" level=info msg="AuthService.Login : login service reached"
time="2023-02-03T07:43:39Z" level=info msg="AuthStore.GetOneUser : reached getOneUser in store"
time="2023-02-03T07:43:39Z" level=info msg="AuthStore.GetOneUser : getOneUser success"
time="2023-02-03T07:43:39Z" level=info msg="AuthHandler.Login : endpoint login successful"
time="2023-02-03T07:44:05Z" level=info msg="AuthHandler.Login : endpoint login reached"
time="2023-02-03T07:44:05Z" level=info msg="AuthService.Login : login service reached"
time="2023-02-03T07:44:05Z" level=info msg="AuthStore.GetOneUser : reached getOneUser in store"
time="2023-02-03T07:44:05Z" level=info msg="AuthStore.GetOneUser : getOneUser success"
time="2023-02-03T07:44:05Z" level=info msg="AuthHandler.Login : endpoint login successful"
time="2023-02-03T07:44:22Z" level=info msg="AuthHandler.Login : endpoint login reached"
time="2023-02-03T07:44:22Z" level=info msg="AuthService.Login : login service reached"
time="2023-02-03T07:44:22Z" level=info msg="AuthStore.GetOneUser : reached getOneUser in store"
time="2023-02-03T07:44:22Z" level=info msg="AuthStore.GetOneUser : getOneUser success"
time="2023-02-03T07:44:22Z" level=info msg="AuthHandler.Login : endpoint login successful"
time="2023-02-03T07:44:46Z" level=info msg="AuthHandler.Login : endpoint login reached"
time="2023-02-03T07:44:46Z" level=info msg="AuthService.Login : login service reached"
time="2023-02-03T07:44:46Z" level=info msg="AuthStore.GetOneUser : reached getOneUser in store"
time="2023-02-03T07:44:46Z" level=info msg="AuthStore.GetOneUser : getOneUser success"
time="2023-02-03T07:44:46Z" level=info msg="AuthHandler.Login : endpoint login successful"
time="2023-02-03T07:46:03Z" level=info msg="AuthHandler.Register : Register endpoint reached"
time="2023-02-03T07:46:03Z" level=info msg="AuthService.Register : register service reached"
time="2023-02-03T07:46:03Z" level=info msg="AuthStore.GetOneUser : reached getOneUser in store"
time="2023-02-03T07:46:03Z" level=error msg="AuthStore.GetOneUser.filterOne() : mongo: no documents in result"
time="2023-02-03T07:46:03Z" level=info msg="AuthService.Register : password sucessfully hashed"
time="2023-02-03T07:46:03Z" level=info msg="AuthStore.Register : reached register in store"
time="2023-02-03T07:46:03Z" level=info msg="AuthService.Register : register service finished"
time="2023-02-03T07:46:03Z" level=info msg="AuthHandler.Register : Registration success"
time="2023-02-03T07:46:03Z" level=info msg="AuthService.SendMail : sendMail service reached"
time="2023-02-03T07:46:03Z" level=info msg="AuthService.sendValidationMail : sendValidationMail service reached"
time="2023-02-03T07:46:18Z" level=error msg="AuthService.sendValidationMail : 535 5.7.139 Authentication unsuccessful, account locked. Contact your administrator. [VI1PR0602CA0001.eurprd06.prod.outlook.com 2023-02-03T07:46:13.254Z 08DB026D78238C23]"
time="2023-02-03T07:46:18Z" level=error msg="AuthService.SendMail : 535 5.7.139 Authentication unsuccessful, account locked. Contact your administrator. [VI1PR0602CA0001.eurprd06.prod.outlook.com 2023-02-03T07:46:13.254Z 08DB026D78238C23] (failed to sent mail)"
time="2023-02-03T07:46:18Z" level=info msg="AuthService.DeleteUserByID : deleteUser service reached"
time="2023-02-03T07:46:18Z" level=info msg="AuthStore.DeleteUserByID : reached deleteUserbyID in store"
time="2023-02-03T07:46:18Z" level=info msg="AuthStore.DeleteUserByID : deletebyID success"
time="2023-02-03T07:46:22Z" level=info msg="AuthHandler.Login : endpoint login reached"
time="2023-02-03T07:46:22Z" level=info msg="AuthService.Login : login service reached"
time="2023-02-03T07:46:22Z" level=info msg="AuthStore.GetOneUser : reached getOneUser in store"
time="2023-02-03T07:46:22Z" level=error msg="AuthStore.GetOneUser.filterOne() : mongo: no documents in result"
time="2023-02-03T07:46:22Z" level=error msg="AuthService.Login.GetOneUser() mongo: no documents in result"
time="2023-02-03T07:46:22Z" level=error msg="AuthHandler.Login : mongo: no documents in result (username not exist)"
time="2023-02-03T07:47:01Z" level=info msg="AuthHandler.Login : endpoint login reached"
time="2023-02-03T07:47:01Z" level=info msg="AuthService.Login : login service reached"
time="2023-02-03T07:47:01Z" level=info msg="AuthStore.GetOneUser : reached getOneUser in store"
time="2023-02-03T07:47:01Z" level=info msg="AuthStore.GetOneUser : getOneUser success"
time="2023-02-03T07:47:01Z" level=info msg="AuthHandler.Login : endpoint login successful"
time="2023-02-03T07:47:25Z" level=info msg="AuthHandler.Login : endpoint login reached"
time="2023-02-03T07:47:25Z" level=info msg="AuthService.Login : login service reached"
time="2023-02-03T07:47:25Z" level=info msg="AuthStore.GetOneUser : reached getOneUser in store"
time="2023-02-03T07:47:25Z" level=info msg="AuthStore.GetOneUser : getOneUser success"
time="2023-02-03T07:47:25Z" level=info msg="AuthHandler.Login : endpoint login successful"
time="2023-02-03T07:48:03Z" level=info msg="AuthHandler.Login : endpoint login reached"
time="2023-02-03T07:48:03Z" level=info msg="AuthService.Login : login service reached"
time="2023-02-03T07:48:03Z" level=info msg="AuthStore.GetOneUser : reached getOneUser in store"
time="2023-02-03T07:48:03Z" level=info msg="AuthStore.GetOneUser : getOneUser success"
time="2023-02-03T07:48:03Z" level=info msg="AuthHandler.Login : endpoint login successful"
time="2023-02-03T07:53:28Z" level=info msg="auth_service : successful init of enforcer"
time="2023-02-03T08:01:04Z" level=info msg="AuthHandler.Login : endpoint login reached"
time="2023-02-03T08:01:04Z" level=info msg="AuthService.Login : login service reached"
time="2023-02-03T08:01:04Z" level=info msg="AuthStore.GetOneUser : reached getOneUser in store"
time="2023-02-03T08:01:04Z" level=info msg="AuthStore.GetOneUser : getOneUser success"
time="2023-02-03T08:01:04Z" level=info msg="AuthHandler.Login : endpoint login successful"
time="2023-02-03T08:18:25Z" level=info msg="AuthHandler.Login : endpoint login reached"
time="2023-02-03T08:18:25Z" level=info msg="AuthService.Login : login service reached"
time="2023-02-03T08:18:25Z" level=info msg="AuthStore.GetOneUser : reached getOneUser in store"
time="2023-02-03T08:18:25Z" level=info msg="AuthStore.GetOneUser : getOneUser success"
time="2023-02-03T08:18:26Z" level=info msg="AuthHandler.Login : endpoint login successful"
time="2023-02-03T08:41:25Z" level=info msg="AuthHandler.Register : Register endpoint reached"
time="2023-02-03T08:41:25Z" level=info msg="AuthService.Register : register service reached"
time="2023-02-03T08:41:25Z" level=error msg="AuthService.Register : password is in blacklist"
time="2023-02-03T08:41:25Z" level=error msg="AuthHandler.Register : Password not acceptable, try another one!"
time="2023-02-03T14:53:59Z" level=info msg="auth_service : successful init of enforcer"
time="2023-02-03T15:05:13Z" level=info msg="auth_service : successful init of enforcer"
time="2023-02-03T23:18:47Z" level=info msg="auth_service : successful init of enforcer"
time="2023-07-25T21:42:47Z" level=info msg="auth_service : successful init of enforcer"
time="2023-07-25T21:57:10Z" level=info msg="auth_service : successful init of enforcer"
time="2023-07-25T22:09:29Z" level=info msg="auth_service : successful init of enforcer"
time="2023-07-25T22:12:01Z" level=info msg="auth_service : successful init of enforcer"
time="2023-07-25T22:14:35Z" level=info msg="auth_service : successful init of enforcer"
time="2023-07-25T22:15:32Z" level=info msg="auth_service : successful init of enforcer"
time="2023-07-25T22:24:41Z" level=info msg="auth_service : successful init of enforcer"
time="2023-07-25T22:26:19Z" level=info msg="auth_service : successful init of enforcer"
time="2023-07-25T22:28:02Z" level=info msg="auth_service : successful init of enforcer"
time="2023-07-25T22:29:52Z" level=info msg="auth_service : successful init of enforcer"
time="2023-07-25T22:31:11Z" level=info msg="auth_service : successful init of enforcer"
time="2023-07-25T22:32:15Z" level=info msg="auth_service : successful init of enforcer"
time="2023-07-25T22:33:38Z" level=info msg="auth_service : successful init of enforcer"
time="2023-07-26T17:39:55Z" level=info msg="auth_service : successful init of enforcer"
time="2023-07-26T17:43:09Z" level=info msg="auth_service : successful init of enforcer"
time="2023-07-26T17:47:59Z" level=info msg="auth_service : successful init of enforcer"
time="2023-07-26T17:55:00Z" level=info msg="auth_service : successful init of enforcer"
time="2023-07-26T18:03:51Z" level=info msg="auth_service : successful init of enforcer"
