time="2023-01-30T20:03:48Z" level=info msg="report_service : successful init of enforcer"
time="2023-01-30T20:15:13Z" level=info msg="report_service : successful init of enforcer"
time="2023-01-30T20:30:06Z" level=info msg="report_service : successful init of enforcer"
time="2023-01-30T20:58:04Z" level=info msg="EventCassandra.CreateEvent : reached CreateEvent in store"
time="2023-01-30T20:58:04Z" level=info msg="ReportService.CreateReport : Create Report service reached"
time="2023-01-30T20:58:04Z" level=info msg="EventCassandra.CreateEvent : reached CreateEvent in store"
time="2023-01-30T20:58:04Z" level=info msg="EventCassandra.CreateEvent : reached CreateEvent in store"
time="2023-01-30T20:58:04Z" level=info msg="ReportStore.CreateReport : reached CreateReport in store"
time="2023-01-30T21:20:09Z" level=info msg="EventCassandra.CreateEvent : reached CreateEvent in store"
time="2023-01-30T21:20:10Z" level=info msg="ReportService.CreateReport : Create Report service reached"
time="2023-01-30T21:20:10Z" level=info msg="EventCassandra.CreateEvent : reached CreateEvent in store"
time="2023-01-30T21:20:10Z" level=info msg="EventCassandra.CreateEvent : reached CreateEvent in store"
time="2023-01-30T21:20:10Z" level=info msg="ReportStore.CreateReport : reached CreateReport in store"
time="2023-01-31T11:12:37Z" level=info msg="report_service : successful init of enforcer"
time="2023-01-31T13:39:30Z" level=info msg="report_service : successful init of enforcer"
time="2023-01-31T13:55:50Z" level=info msg="report_service : successful init of enforcer"
time="2023-01-31T14:35:46Z" level=info msg="report_service : successful init of enforcer"
time="2023-01-31T20:41:52Z" level=info msg="report_service : successful init of enforcer"
time="2023-01-31T20:51:29Z" level=info msg="EventCassandra.CreateEvent : reached CreateEvent in store"
time="2023-01-31T20:51:29Z" level=info msg="ReportService.CreateReport : Create Report service reached"
time="2023-01-31T20:51:29Z" level=info msg="ReportStore.CreateReport : reached CreateReport in store"
time="2023-01-31T20:51:30Z" level=error msg="Error in ReportMongoStore.filterOneDaily(), filterOneDaily: mongo: no documents in result"
time="2023-01-31T20:51:30Z" level=info msg="EventCassandra.CreateEvent : reached CreateEvent in store"
time="2023-01-31T20:51:30Z" level=info msg="ReportService.CreateReport : Create Report service reached"
time="2023-01-31T20:51:30Z" level=info msg="ReportStore.CreateReport : reached CreateReport in store"
time="2023-01-31T20:51:30Z" level=info msg="EventCassandra.CreateEvent : reached CreateEvent in store"
time="2023-01-31T20:51:30Z" level=info msg="ReportService.CreateReport : Create Report service reached"
time="2023-01-31T20:51:30Z" level=info msg="ReportStore.CreateReport : reached CreateReport in store"
time="2023-01-31T20:51:30Z" level=info msg="EventCassandra.CreateEvent : reached CreateEvent in store"
time="2023-01-31T20:51:30Z" level=info msg="ReportService.CreateReport : Create Report service reached"
time="2023-01-31T20:51:30Z" level=info msg="ReportStore.CreateReport : reached CreateReport in store"
time="2023-01-31T20:51:31Z" level=info msg="EventCassandra.CreateEvent : reached CreateEvent in store"
time="2023-01-31T20:51:31Z" level=info msg="ReportService.CreateReport : Create Report service reached"
time="2023-01-31T20:51:31Z" level=info msg="ReportStore.CreateReport : reached CreateReport in store"
time="2023-01-31T20:51:31Z" level=info msg="EventCassandra.CreateEvent : reached CreateEvent in store"
time="2023-01-31T20:51:31Z" level=info msg="ReportService.CreateReport : Create Report service reached"
time="2023-01-31T20:51:31Z" level=info msg="ReportStore.CreateReport : reached CreateReport in store"
time="2023-01-31T20:51:31Z" level=info msg="EventCassandra.CreateEvent : reached CreateEvent in store"
time="2023-01-31T20:51:31Z" level=info msg="ReportService.CreateReport : Create Report service reached"
time="2023-01-31T20:51:31Z" level=info msg="ReportStore.CreateReport : reached CreateReport in store"
time="2023-01-31T20:51:31Z" level=info msg="EventCassandra.CreateEvent : reached CreateEvent in store"
time="2023-01-31T20:51:31Z" level=info msg="ReportService.CreateReport : Create Report service reached"
time="2023-01-31T20:51:31Z" level=info msg="ReportStore.CreateReport : reached CreateReport in store"
time="2023-01-31T20:51:32Z" level=info msg="EventCassandra.CreateEvent : reached CreateEvent in store"
time="2023-01-31T20:51:32Z" level=info msg="ReportService.CreateReport : Create Report service reached"
time="2023-01-31T20:51:32Z" level=info msg="ReportStore.CreateReport : reached CreateReport in store"
time="2023-01-31T20:51:32Z" level=info msg="EventCassandra.CreateEvent : reached CreateEvent in store"
time="2023-01-31T20:51:32Z" level=info msg="ReportService.CreateReport : Create Report service reached"
time="2023-01-31T20:51:32Z" level=info msg="ReportStore.CreateReport : reached CreateReport in store"
time="2023-01-31T20:51:42Z" level=info msg="EventCassandra.CreateEvent : reached CreateEvent in store"
time="2023-01-31T20:51:42Z" level=info msg="ReportService.CreateReport : Create Report service reached"
time="2023-01-31T20:51:42Z" level=info msg="ReportStore.CreateReport : reached CreateReport in store"
time="2023-01-31T20:51:43Z" level=info msg="EventCassandra.CreateEvent : reached CreateEvent in store"
time="2023-01-31T20:51:43Z" level=info msg="ReportService.CreateReport : Create Report service reached"
time="2023-01-31T20:51:43Z" level=info msg="ReportStore.CreateReport : reached CreateReport in store"
time="2023-01-31T20:51:50Z" level=info msg="EventCassandra.CreateEvent : reached CreateEvent in store"
time="2023-01-31T20:51:50Z" level=info msg="ReportService.CreateReport : Create Report service reached"
time="2023-01-31T20:51:50Z" level=info msg="ReportStore.CreateReport : reached CreateReport in store"
time="2023-01-31T20:52:28Z" level=info msg="ReportHandler.GetReportForAd : Get Report For Ad endpoint reached"
time="2023-01-31T20:52:28Z" level=info msg="ReportService.GetReportForAd : GetReportForAd service reached"
time="2023-01-31T20:52:28Z" level=info msg="ReportStore.GetReportForAd : reached Get Report For Ad in store"
time="2023-01-31T20:52:32Z" level=info msg="ReportHandler.GetReportForAd : Get Report For Ad endpoint reached"
time="2023-01-31T20:52:32Z" level=info msg="ReportService.GetReportForAd : GetReportForAd service reached"
time="2023-01-31T20:52:32Z" level=info msg="ReportStore.GetReportForAd : reached Get Report For Ad in store"
time="2023-01-31T20:52:41Z" level=info msg="ReportHandler.GetReportForAd : Get Report For Ad endpoint reached"
time="2023-01-31T20:52:41Z" level=info msg="ReportService.GetReportForAd : GetReportForAd service reached"
time="2023-01-31T20:52:41Z" level=info msg="ReportStore.GetReportForAd : reached Get Report For Ad in store"
time="2023-01-31T20:52:41Z" level=error msg="ReportStore.GetReportForAd.FilterOneDaily() : mongo: no documents in result"
time="2023-01-31T20:52:41Z" level=error msg="Error in ReportService GetReportForAd: mongo: no documents in result"
time="2023-01-31T20:52:41Z" level=error msg="ReportHandler.GetReportForAd : mongo: no documents in result"
time="2023-01-31T20:52:49Z" level=info msg="EventCassandra.CreateEvent : reached CreateEvent in store"
time="2023-01-31T20:52:49Z" level=info msg="ReportService.CreateReport : Create Report service reached"
time="2023-01-31T20:52:49Z" level=info msg="EventCassandra.CreateEvent : reached CreateEvent in store"
time="2023-01-31T20:52:49Z" level=info msg="EventCassandra.CreateEvent : reached CreateEvent in store"
time="2023-01-31T20:52:49Z" level=info msg="ReportStore.CreateReport : reached CreateReport in store"
time="2023-01-31T20:53:00Z" level=info msg="ReportHandler.GetReportForAd : Get Report For Ad endpoint reached"
time="2023-01-31T20:53:00Z" level=info msg="ReportService.GetReportForAd : GetReportForAd service reached"
time="2023-01-31T20:53:00Z" level=info msg="ReportStore.GetReportForAd : reached Get Report For Ad in store"
time="2023-01-31T20:53:16Z" level=info msg="EventCassandra.CreateEvent : reached CreateEvent in store"
time="2023-01-31T20:53:16Z" level=info msg="ReportService.CreateReport : Create Report service reached"
time="2023-01-31T20:53:16Z" level=info msg="ReportStore.CreateReport : reached CreateReport in store"
time="2023-01-31T20:53:16Z" level=info msg="EventCassandra.CreateEvent : reached CreateEvent in store"
time="2023-01-31T20:53:16Z" level=info msg="ReportService.CreateReport : Create Report service reached"
time="2023-01-31T20:53:16Z" level=info msg="EventCassandra.CreateEvent : reached CreateEvent in store"
time="2023-01-31T20:53:16Z" level=info msg="EventCassandra.CreateEvent : reached CreateEvent in store"
time="2023-01-31T20:53:16Z" level=info msg="ReportStore.CreateReport : reached CreateReport in store"
time="2023-01-31T20:53:28Z" level=info msg="ReportHandler.GetReportForAd : Get Report For Ad endpoint reached"
time="2023-01-31T20:53:28Z" level=info msg="ReportService.GetReportForAd : GetReportForAd service reached"
time="2023-01-31T20:53:28Z" level=info msg="ReportStore.GetReportForAd : reached Get Report For Ad in store"
time="2023-01-31T20:53:41Z" level=info msg="ReportHandler.GetReportForAd : Get Report For Ad endpoint reached"
time="2023-01-31T20:53:41Z" level=info msg="ReportService.GetReportForAd : GetReportForAd service reached"
time="2023-01-31T20:53:41Z" level=info msg="ReportStore.GetReportForAd : reached Get Report For Ad in store"
time="2023-01-31T20:53:41Z" level=error msg="ReportStore.GetReportForAd.FilterOneDaily() : mongo: no documents in result"
time="2023-01-31T20:53:41Z" level=error msg="Error in ReportService GetReportForAd: mongo: no documents in result"
time="2023-01-31T20:53:41Z" level=error msg="ReportHandler.GetReportForAd : mongo: no documents in result"
time="2023-01-31T21:11:15Z" level=info msg="EventCassandra.CreateEvent : reached CreateEvent in store"
time="2023-01-31T21:11:15Z" level=info msg="ReportService.CreateReport : Create Report service reached"
time="2023-01-31T21:11:15Z" level=info msg="ReportStore.CreateReport : reached CreateReport in store"
time="2023-01-31T21:11:15Z" level=info msg="EventCassandra.CreateEvent : reached CreateEvent in store"
time="2023-01-31T21:11:15Z" level=info msg="ReportService.CreateReport : Create Report service reached"
time="2023-01-31T21:11:15Z" level=info msg="ReportStore.CreateReport : reached CreateReport in store"
time="2023-01-31T21:11:15Z" level=info msg="EventCassandra.CreateEvent : reached CreateEvent in store"
time="2023-01-31T21:11:15Z" level=info msg="ReportService.CreateReport : Create Report service reached"
time="2023-01-31T21:11:15Z" level=info msg="ReportStore.CreateReport : reached CreateReport in store"
time="2023-01-31T21:11:16Z" level=info msg="EventCassandra.CreateEvent : reached CreateEvent in store"
time="2023-01-31T21:11:16Z" level=info msg="ReportService.CreateReport : Create Report service reached"
time="2023-01-31T21:11:16Z" level=info msg="ReportStore.CreateReport : reached CreateReport in store"
time="2023-01-31T21:11:16Z" level=info msg="EventCassandra.CreateEvent : reached CreateEvent in store"
time="2023-01-31T21:11:16Z" level=info msg="ReportService.CreateReport : Create Report service reached"
time="2023-01-31T21:11:16Z" level=info msg="ReportStore.CreateReport : reached CreateReport in store"
time="2023-01-31T21:11:17Z" level=info msg="EventCassandra.CreateEvent : reached CreateEvent in store"
time="2023-01-31T21:11:17Z" level=info msg="ReportService.CreateReport : Create Report service reached"
time="2023-01-31T21:11:17Z" level=info msg="ReportStore.CreateReport : reached CreateReport in store"
time="2023-01-31T21:11:26Z" level=info msg="EventCassandra.CreateEvent : reached CreateEvent in store"
time="2023-01-31T21:11:26Z" level=info msg="ReportService.CreateReport : Create Report service reached"
time="2023-01-31T21:11:26Z" level=info msg="ReportStore.CreateReport : reached CreateReport in store"
time="2023-01-31T21:11:35Z" level=info msg="EventCassandra.CreateEvent : reached CreateEvent in store"
time="2023-01-31T21:11:35Z" level=info msg="ReportService.CreateReport : Create Report service reached"
time="2023-01-31T21:11:35Z" level=info msg="ReportStore.CreateReport : reached CreateReport in store"
time="2023-01-31T21:11:36Z" level=info msg="EventCassandra.CreateEvent : reached CreateEvent in store"
time="2023-01-31T21:11:36Z" level=info msg="ReportService.CreateReport : Create Report service reached"
time="2023-01-31T21:11:36Z" level=info msg="ReportStore.CreateReport : reached CreateReport in store"
time="2023-01-31T21:11:36Z" level=info msg="EventCassandra.CreateEvent : reached CreateEvent in store"
time="2023-01-31T21:11:36Z" level=info msg="ReportService.CreateReport : Create Report service reached"
time="2023-01-31T21:11:36Z" level=info msg="ReportStore.CreateReport : reached CreateReport in store"
time="2023-01-31T21:11:36Z" level=info msg="EventCassandra.CreateEvent : reached CreateEvent in store"
time="2023-01-31T21:11:36Z" level=info msg="ReportService.CreateReport : Create Report service reached"
time="2023-01-31T21:11:36Z" level=info msg="ReportStore.CreateReport : reached CreateReport in store"
time="2023-01-31T21:11:37Z" level=info msg="EventCassandra.CreateEvent : reached CreateEvent in store"
time="2023-01-31T21:11:37Z" level=info msg="ReportService.CreateReport : Create Report service reached"
time="2023-01-31T21:11:37Z" level=info msg="ReportStore.CreateReport : reached CreateReport in store"
time="2023-01-31T21:11:40Z" level=info msg="EventCassandra.CreateEvent : reached CreateEvent in store"
time="2023-01-31T21:11:40Z" level=info msg="ReportService.CreateReport : Create Report service reached"
time="2023-01-31T21:11:40Z" level=info msg="ReportStore.CreateReport : reached CreateReport in store"
time="2023-02-01T14:26:49Z" level=info msg="gocql: unable to create session: unable to discover protocol version: dial tcp 172.18.0.11:9042: connect: connection refused"
time="2023-02-01T14:26:50Z" level=info msg="gocql: unable to create session: unable to discover protocol version: dial tcp 172.18.0.11:9042: connect: connection refused"
time="2023-02-01T14:26:51Z" level=info msg="gocql: unable to create session: unable to discover protocol version: dial tcp 172.18.0.11:9042: connect: connection refused"
time="2023-02-01T14:26:52Z" level=info msg="gocql: unable to create session: unable to discover protocol version: dial tcp 172.18.0.11:9042: connect: connection refused"
time="2023-02-01T14:26:54Z" level=info msg="gocql: unable to create session: unable to discover protocol version: dial tcp 172.18.0.11:9042: connect: connection refused"
time="2023-02-01T14:26:56Z" level=info msg="gocql: unable to create session: unable to discover protocol version: dial tcp 172.18.0.11:9042: connect: connection refused"
time="2023-02-01T14:27:00Z" level=info msg="gocql: unable to create session: unable to discover protocol version: dial tcp 172.18.0.11:9042: connect: connection refused"
time="2023-02-01T14:27:08Z" level=info msg="gocql: unable to create session: unable to discover protocol version: dial tcp 172.18.0.11:9042: connect: connection refused"
time="2023-02-01T14:27:22Z" level=info msg="report_service : successful init of enforcer"
time="2023-02-01T14:42:55Z" level=info msg="report_service : successful init of enforcer"
time="2023-02-01T14:47:47Z" level=info msg="report_service : successful init of enforcer"
time="2023-02-01T15:02:14Z" level=info msg="EventCassandra.CreateEvent : reached CreateEvent in store"
time="2023-02-01T15:02:14Z" level=info msg="ReportService.CreateReport : Create Report service reached"
time="2023-02-01T15:02:14Z" level=info msg="ReportStore.CreateReport : reached CreateReport in store"
time="2023-02-01T15:02:14Z" level=error msg="Error in ReportMongoStore.filterOneDaily(), filterOneDaily: mongo: no documents in result"
time="2023-02-01T15:02:14Z" level=error msg="Error in ReportMongoStore.filterOneMonthly(), filterOneMonthly: mongo: no documents in result"
time="2023-02-01T15:02:18Z" level=info msg="EventCassandra.CreateEvent : reached CreateEvent in store"
time="2023-02-01T15:02:18Z" level=info msg="ReportService.CreateReport : Create Report service reached"
time="2023-02-01T15:02:18Z" level=info msg="ReportStore.CreateReport : reached CreateReport in store"
time="2023-02-01T15:02:18Z" level=info msg="EventCassandra.CreateEvent : reached CreateEvent in store"
time="2023-02-01T15:02:18Z" level=info msg="ReportService.CreateReport : Create Report service reached"
time="2023-02-01T15:02:18Z" level=info msg="EventCassandra.CreateEvent : reached CreateEvent in store"
time="2023-02-01T15:02:18Z" level=info msg="EventCassandra.CreateEvent : reached CreateEvent in store"
time="2023-02-01T15:02:18Z" level=info msg="ReportStore.CreateReport : reached CreateReport in store"
time="2023-02-01T15:02:38Z" level=info msg="EventCassandra.CreateEvent : reached CreateEvent in store"
time="2023-02-01T15:02:38Z" level=info msg="EventCassandra.CreateEvent : reached CreateEvent in store"
time="2023-02-01T15:02:38Z" level=info msg="ReportService.CreateReport : Create Report service reached"
time="2023-02-01T15:02:38Z" level=info msg="ReportStore.CreateReport : reached CreateReport in store"
time="2023-02-01T15:02:38Z" level=info msg="ReportService.CreateReport : Create Report service reached"
time="2023-02-01T15:02:38Z" level=info msg="EventCassandra.CreateEvent : reached CreateEvent in store"
time="2023-02-01T15:02:38Z" level=info msg="EventCassandra.CreateEvent : reached CreateEvent in store"
time="2023-02-01T15:02:38Z" level=info msg="ReportStore.CreateReport : reached CreateReport in store"
time="2023-02-01T15:03:20Z" level=info msg="ReportHandler.GetReportForAd : Get Report For Ad endpoint reached"
time="2023-02-01T15:03:20Z" level=info msg="ReportService.GetReportForAd : GetReportForAd service reached"
time="2023-02-01T15:03:20Z" level=info msg="ReportStore.GetReportForAd : reached Get Report For Ad in store"
time="2023-02-01T15:03:20Z" level=error msg="ReportStore.GetReportForAd.FilterOneDaily() : mongo: no documents in result"
time="2023-02-01T15:03:20Z" level=error msg="Error in ReportService GetReportForAd: mongo: no documents in result"
time="2023-02-01T15:03:20Z" level=error msg="ReportHandler.GetReportForAd : mongo: no documents in result"
time="2023-02-01T15:03:25Z" level=info msg="ReportHandler.GetReportForAd : Get Report For Ad endpoint reached"
time="2023-02-01T15:03:25Z" level=info msg="ReportService.GetReportForAd : GetReportForAd service reached"
time="2023-02-01T15:03:25Z" level=info msg="ReportStore.GetReportForAd : reached Get Report For Ad in store"
time="2023-02-01T15:03:52Z" level=info msg="EventCassandra.CreateEvent : reached CreateEvent in store"
time="2023-02-01T15:03:52Z" level=info msg="ReportService.CreateReport : Create Report service reached"
time="2023-02-01T15:03:52Z" level=info msg="EventCassandra.CreateEvent : reached CreateEvent in store"
time="2023-02-01T15:03:52Z" level=info msg="EventCassandra.CreateEvent : reached CreateEvent in store"
time="2023-02-01T15:03:52Z" level=info msg="ReportStore.CreateReport : reached CreateReport in store"
time="2023-02-01T15:04:15Z" level=info msg="EventCassandra.CreateEvent : reached CreateEvent in store"
time="2023-02-01T15:04:15Z" level=info msg="ReportService.CreateReport : Create Report service reached"
time="2023-02-01T15:04:15Z" level=info msg="EventCassandra.CreateEvent : reached CreateEvent in store"
time="2023-02-01T15:04:15Z" level=info msg="EventCassandra.CreateEvent : reached CreateEvent in store"
time="2023-02-01T15:04:15Z" level=info msg="ReportStore.CreateReport : reached CreateReport in store"
time="2023-02-01T15:04:30Z" level=info msg="EventCassandra.CreateEvent : reached CreateEvent in store"
time="2023-02-01T15:04:30Z" level=info msg="ReportService.CreateReport : Create Report service reached"
time="2023-02-01T15:04:30Z" level=info msg="EventCassandra.CreateEvent : reached CreateEvent in store"
time="2023-02-01T15:04:30Z" level=info msg="EventCassandra.CreateEvent : reached CreateEvent in store"
time="2023-02-01T15:04:30Z" level=info msg="ReportStore.CreateReport : reached CreateReport in store"
time="2023-02-01T15:04:36Z" level=info msg="EventCassandra.CreateEvent : reached CreateEvent in store"
time="2023-02-01T15:04:36Z" level=info msg="ReportService.CreateReport : Create Report service reached"
time="2023-02-01T15:04:36Z" level=info msg="EventCassandra.CreateEvent : reached CreateEvent in store"
time="2023-02-01T15:04:36Z" level=info msg="EventCassandra.CreateEvent : reached CreateEvent in store"
time="2023-02-01T15:04:36Z" level=info msg="ReportStore.CreateReport : reached CreateReport in store"
time="2023-02-01T15:04:48Z" level=info msg="EventCassandra.CreateEvent : reached CreateEvent in store"
time="2023-02-01T15:04:48Z" level=info msg="ReportService.CreateReport : Create Report service reached"
time="2023-02-01T15:04:48Z" level=info msg="ReportStore.CreateReport : reached CreateReport in store"
time="2023-02-01T15:04:48Z" level=info msg="EventCassandra.CreateEvent : reached CreateEvent in store"
time="2023-02-01T15:04:48Z" level=info msg="ReportService.CreateReport : Create Report service reached"
time="2023-02-01T15:04:48Z" level=info msg="EventCassandra.CreateEvent : reached CreateEvent in store"
time="2023-02-01T15:04:48Z" level=info msg="EventCassandra.CreateEvent : reached CreateEvent in store"
time="2023-02-01T15:04:48Z" level=info msg="ReportStore.CreateReport : reached CreateReport in store"
time="2023-02-01T15:55:37Z" level=info msg="CASSANDRA CREATE TABLE ERR: gocql: no response received from cassandra within timeout period"
time="2023-02-01T15:55:37Z" level=info msg="report_service : successful init of enforcer"
time="2023-02-01T16:11:44Z" level=info msg="EventCassandra.CreateEvent : reached CreateEvent in store"
time="2023-02-01T16:11:44Z" level=info msg="ReportService.CreateReport : Create Report service reached"
time="2023-02-01T16:11:44Z" level=info msg="ReportStore.CreateReport : reached CreateReport in store"
time="2023-02-01T16:11:44Z" level=error msg="Error in ReportMongoStore.filterOneDaily(), filterOneDaily: mongo: no documents in result"
time="2023-02-01T16:11:44Z" level=error msg="Error in ReportMongoStore.filterOneMonthly(), filterOneMonthly: mongo: no documents in result"
time="2023-02-01T16:11:45Z" level=info msg="EventCassandra.CreateEvent : reached CreateEvent in store"
time="2023-02-01T16:11:45Z" level=info msg="ReportService.CreateReport : Create Report service reached"
time="2023-02-01T16:11:45Z" level=info msg="ReportStore.CreateReport : reached CreateReport in store"
time="2023-02-01T16:11:45Z" level=info msg="EventCassandra.CreateEvent : reached CreateEvent in store"
time="2023-02-01T16:11:45Z" level=info msg="ReportService.CreateReport : Create Report service reached"
time="2023-02-01T16:11:45Z" level=info msg="ReportStore.CreateReport : reached CreateReport in store"
time="2023-02-01T16:11:45Z" level=info msg="EventCassandra.CreateEvent : reached CreateEvent in store"
time="2023-02-01T16:11:45Z" level=info msg="ReportService.CreateReport : Create Report service reached"
time="2023-02-01T16:11:45Z" level=info msg="ReportStore.CreateReport : reached CreateReport in store"
time="2023-02-01T16:11:46Z" level=info msg="EventCassandra.CreateEvent : reached CreateEvent in store"
time="2023-02-01T16:11:46Z" level=info msg="ReportService.CreateReport : Create Report service reached"
time="2023-02-01T16:11:46Z" level=info msg="ReportStore.CreateReport : reached CreateReport in store"
time="2023-02-01T16:11:46Z" level=info msg="EventCassandra.CreateEvent : reached CreateEvent in store"
time="2023-02-01T16:11:46Z" level=info msg="ReportService.CreateReport : Create Report service reached"
time="2023-02-01T16:11:46Z" level=info msg="ReportStore.CreateReport : reached CreateReport in store"
time="2023-02-01T16:11:46Z" level=info msg="EventCassandra.CreateEvent : reached CreateEvent in store"
time="2023-02-01T16:11:46Z" level=info msg="ReportService.CreateReport : Create Report service reached"
time="2023-02-01T16:11:46Z" level=info msg="ReportStore.CreateReport : reached CreateReport in store"
time="2023-02-01T16:11:46Z" level=info msg="EventCassandra.CreateEvent : reached CreateEvent in store"
time="2023-02-01T16:11:46Z" level=info msg="ReportService.CreateReport : Create Report service reached"
time="2023-02-01T16:11:46Z" level=info msg="ReportStore.CreateReport : reached CreateReport in store"
time="2023-02-01T16:11:46Z" level=info msg="EventCassandra.CreateEvent : reached CreateEvent in store"
time="2023-02-01T16:11:46Z" level=info msg="ReportService.CreateReport : Create Report service reached"
time="2023-02-01T16:11:46Z" level=info msg="ReportStore.CreateReport : reached CreateReport in store"
time="2023-02-01T16:11:46Z" level=info msg="EventCassandra.CreateEvent : reached CreateEvent in store"
time="2023-02-01T16:11:46Z" level=info msg="ReportService.CreateReport : Create Report service reached"
time="2023-02-01T16:11:46Z" level=info msg="ReportStore.CreateReport : reached CreateReport in store"
time="2023-02-01T16:11:47Z" level=info msg="EventCassandra.CreateEvent : reached CreateEvent in store"
time="2023-02-01T16:11:47Z" level=info msg="ReportService.CreateReport : Create Report service reached"
time="2023-02-01T16:11:47Z" level=info msg="ReportStore.CreateReport : reached CreateReport in store"
time="2023-02-01T16:11:47Z" level=info msg="EventCassandra.CreateEvent : reached CreateEvent in store"
time="2023-02-01T16:11:47Z" level=info msg="ReportService.CreateReport : Create Report service reached"
time="2023-02-01T16:11:47Z" level=info msg="ReportStore.CreateReport : reached CreateReport in store"
time="2023-02-01T16:11:48Z" level=info msg="EventCassandra.CreateEvent : reached CreateEvent in store"
time="2023-02-01T16:11:48Z" level=info msg="ReportService.CreateReport : Create Report service reached"
time="2023-02-01T16:11:48Z" level=info msg="ReportStore.CreateReport : reached CreateReport in store"
time="2023-02-01T16:11:48Z" level=info msg="EventCassandra.CreateEvent : reached CreateEvent in store"
time="2023-02-01T16:11:48Z" level=info msg="ReportService.CreateReport : Create Report service reached"
time="2023-02-01T16:11:48Z" level=info msg="ReportStore.CreateReport : reached CreateReport in store"
time="2023-02-01T16:12:03Z" level=info msg="EventCassandra.CreateEvent : reached CreateEvent in store"
time="2023-02-01T16:12:03Z" level=info msg="EventCassandra.CreateEvent : reached CreateEvent in store"
time="2023-02-01T16:12:03Z" level=info msg="ReportService.CreateReport : Create Report service reached"
time="2023-02-01T16:12:03Z" level=info msg="ReportStore.CreateReport : reached CreateReport in store"
time="2023-02-01T16:12:03Z" level=info msg="ReportService.CreateReport : Create Report service reached"
time="2023-02-01T16:12:03Z" level=info msg="EventCassandra.CreateEvent : reached CreateEvent in store"
time="2023-02-01T16:12:03Z" level=info msg="EventCassandra.CreateEvent : reached CreateEvent in store"
time="2023-02-01T16:12:03Z" level=info msg="ReportStore.CreateReport : reached CreateReport in store"
time="2023-02-01T16:13:20Z" level=info msg="ReportHandler.GetReportForAd : Get Report For Ad endpoint reached"
time="2023-02-01T16:13:20Z" level=info msg="ReportService.GetReportForAd : GetReportForAd service reached"
time="2023-02-01T16:13:20Z" level=info msg="ReportStore.GetReportForAd : reached Get Report For Ad in store"
time="2023-02-01T16:13:20Z" level=error msg="ReportStore.GetReportForAd.FilterOneDaily() : mongo: no documents in result"
time="2023-02-01T16:13:20Z" level=error msg="Error in ReportService GetReportForAd: mongo: no documents in result"
time="2023-02-01T16:13:20Z" level=error msg="ReportHandler.GetReportForAd : mongo: no documents in result"
time="2023-02-01T16:13:28Z" level=info msg="ReportHandler.GetReportForAd : Get Report For Ad endpoint reached"
time="2023-02-01T16:13:28Z" level=info msg="ReportService.GetReportForAd : GetReportForAd service reached"
time="2023-02-01T16:13:28Z" level=info msg="ReportStore.GetReportForAd : reached Get Report For Ad in store"
time="2023-02-01T16:13:28Z" level=error msg="ReportStore.GetReportForAd.FilterOneDaily() : mongo: no documents in result"
time="2023-02-01T16:13:28Z" level=error msg="Error in ReportService GetReportForAd: mongo: no documents in result"
time="2023-02-01T16:13:28Z" level=error msg="ReportHandler.GetReportForAd : mongo: no documents in result"
time="2023-02-01T16:13:31Z" level=info msg="ReportHandler.GetReportForAd : Get Report For Ad endpoint reached"
time="2023-02-01T16:13:31Z" level=info msg="ReportService.GetReportForAd : GetReportForAd service reached"
time="2023-02-01T16:13:31Z" level=info msg="ReportStore.GetReportForAd : reached Get Report For Ad in store"
time="2023-02-01T16:14:54Z" level=info msg="EventCassandra.CreateEvent : reached CreateEvent in store"
time="2023-02-01T16:14:54Z" level=info msg="ReportService.CreateReport : Create Report service reached"
time="2023-02-01T16:14:54Z" level=info msg="EventCassandra.CreateEvent : reached CreateEvent in store"
time="2023-02-01T16:14:54Z" level=info msg="EventCassandra.CreateEvent : reached CreateEvent in store"
time="2023-02-01T16:14:54Z" level=info msg="ReportStore.CreateReport : reached CreateReport in store"
time="2023-02-02T19:52:20Z" level=info msg="gocql: unable to create session: unable to discover protocol version: dial tcp 172.18.0.9:9042: i/o timeout"
time="2023-02-02T19:52:21Z" level=info msg="gocql: unable to create session: unable to discover protocol version: dial tcp 172.18.0.9:9042: connect: connection refused"
time="2023-02-02T19:52:23Z" level=info msg="gocql: unable to create session: unable to discover protocol version: dial tcp 172.18.0.9:9042: connect: connection refused"
time="2023-02-02T19:52:24Z" level=info msg="gocql: unable to create session: unable to discover protocol version: dial tcp 172.18.0.9:9042: connect: connection refused"
time="2023-02-02T19:52:26Z" level=info msg="gocql: unable to create session: unable to discover protocol version: dial tcp 172.18.0.9:9042: connect: connection refused"
time="2023-02-02T19:52:28Z" level=info msg="gocql: unable to create session: unable to discover protocol version: dial tcp 172.18.0.9:9042: connect: connection refused"
time="2023-02-02T19:52:32Z" level=info msg="gocql: unable to create session: unable to discover protocol version: dial tcp 172.18.0.9:9042: connect: connection refused"
time="2023-02-02T19:52:39Z" level=info msg="gocql: unable to create session: unable to discover protocol version: dial tcp 172.18.0.9:9042: connect: connection refused"
time="2023-02-02T19:52:53Z" level=info msg="report_service : successful init of enforcer"
time="2023-02-03T07:37:59Z" level=info msg="gocql: unable to create session: unable to discover protocol version: dial tcp 172.18.0.10:9042: i/o timeout"
time="2023-02-03T07:38:00Z" level=info msg="gocql: unable to create session: unable to discover protocol version: dial tcp 172.18.0.10:9042: connect: connection refused"
time="2023-02-03T07:38:01Z" level=info msg="gocql: unable to create session: unable to discover protocol version: dial tcp 172.18.0.10:9042: connect: connection refused"
time="2023-02-03T07:38:02Z" level=info msg="gocql: unable to create session: unable to discover protocol version: dial tcp 172.18.0.10:9042: connect: connection refused"
time="2023-02-03T07:38:04Z" level=info msg="gocql: unable to create session: unable to discover protocol version: dial tcp 172.18.0.10:9042: connect: connection refused"
time="2023-02-03T07:38:06Z" level=info msg="gocql: unable to create session: unable to discover protocol version: dial tcp 172.18.0.10:9042: connect: connection refused"
time="2023-02-03T07:38:10Z" level=info msg="gocql: unable to create session: unable to discover protocol version: dial tcp 172.18.0.10:9042: connect: connection refused"
time="2023-02-03T07:38:17Z" level=info msg="gocql: unable to create session: unable to discover protocol version: dial tcp 172.18.0.10:9042: connect: connection refused"
time="2023-02-03T07:38:30Z" level=info msg="report_service : successful init of enforcer"
time="2023-02-03T07:40:43Z" level=info msg="report_service : successful init of enforcer"
time="2023-02-03T07:53:51Z" level=info msg="report_service : successful init of enforcer"
time="2023-02-03T14:53:51Z" level=info msg="gocql: unable to create session: unable to discover protocol version: dial tcp 172.18.0.4:9042: connect: connection refused"
time="2023-02-03T14:53:59Z" level=info msg="gocql: unable to create session: unable to discover protocol version: dial tcp 172.18.0.4:9042: connect: connection refused"
time="2023-02-03T14:54:08Z" level=info msg="gocql: unable to create session: unable to discover protocol version: dial tcp 172.18.0.4:9042: connect: connection refused"
time="2023-02-03T14:54:15Z" level=info msg="gocql: unable to create session: unable to discover protocol version: dial tcp 172.18.0.4:9042: connect: connection refused"
time="2023-02-03T14:54:21Z" level=info msg="gocql: unable to create session: unable to discover protocol version: dial tcp 172.18.0.4:9042: connect: connection refused"
time="2023-02-03T14:54:28Z" level=info msg="gocql: unable to create session: unable to discover protocol version: dial tcp 172.18.0.4:9042: connect: connection refused"
time="2023-02-03T15:05:14Z" level=info msg="gocql: unable to create session: unable to discover protocol version: dial tcp 172.18.0.6:9042: i/o timeout"
time="2023-02-03T15:05:15Z" level=info msg="gocql: unable to create session: unable to discover protocol version: dial tcp 172.18.0.6:9042: connect: connection refused"
time="2023-02-03T15:05:16Z" level=info msg="gocql: unable to create session: unable to discover protocol version: dial tcp 172.18.0.6:9042: connect: connection refused"
time="2023-02-03T15:05:17Z" level=info msg="gocql: unable to create session: unable to discover protocol version: dial tcp 172.18.0.6:9042: connect: connection refused"
time="2023-02-03T15:05:18Z" level=info msg="gocql: unable to create session: unable to discover protocol version: dial tcp 172.18.0.6:9042: connect: connection refused"
time="2023-02-03T15:05:21Z" level=info msg="gocql: unable to create session: unable to discover protocol version: dial tcp 172.18.0.6:9042: connect: connection refused"
time="2023-02-03T15:05:25Z" level=info msg="gocql: unable to create session: unable to discover protocol version: dial tcp 172.18.0.6:9042: connect: connection refused"
time="2023-02-03T15:05:32Z" level=info msg="gocql: unable to create session: unable to discover protocol version: dial tcp 172.18.0.6:9042: connect: connection refused"
time="2023-02-03T15:05:48Z" level=info msg="report_service : successful init of enforcer"
time="2023-02-03T23:18:46Z" level=info msg="gocql: unable to create session: unable to discover protocol version: dial tcp 172.18.0.7:9042: connect: connection refused"
time="2023-02-03T23:18:47Z" level=info msg="gocql: unable to create session: unable to discover protocol version: dial tcp 172.18.0.7:9042: connect: connection refused"
time="2023-02-03T23:18:48Z" level=info msg="gocql: unable to create session: unable to discover protocol version: dial tcp 172.18.0.7:9042: connect: connection refused"
time="2023-02-03T23:18:49Z" level=info msg="gocql: unable to create session: unable to discover protocol version: dial tcp 172.18.0.7:9042: connect: connection refused"
time="2023-02-03T23:18:51Z" level=info msg="gocql: unable to create session: unable to discover protocol version: dial tcp 172.18.0.7:9042: connect: connection refused"
time="2023-02-03T23:18:53Z" level=info msg="gocql: unable to create session: unable to discover protocol version: dial tcp 172.18.0.7:9042: connect: connection refused"
time="2023-02-03T23:18:57Z" level=info msg="gocql: unable to create session: unable to discover protocol version: dial tcp 172.18.0.7:9042: connect: connection refused"
time="2023-02-03T23:19:04Z" level=info msg="gocql: unable to create session: unable to discover protocol version: dial tcp 172.18.0.7:9042: connect: connection refused"
time="2023-02-03T23:19:21Z" level=info msg="report_service : successful init of enforcer"
time="2023-07-25T21:44:00Z" level=info msg="report_service : successful init of enforcer"
time="2023-07-25T21:57:32Z" level=info msg="report_service : successful init of enforcer"
time="2023-07-25T22:09:52Z" level=info msg="report_service : successful init of enforcer"
time="2023-07-25T22:12:24Z" level=info msg="report_service : successful init of enforcer"
time="2023-07-25T22:14:57Z" level=info msg="report_service : successful init of enforcer"
time="2023-07-25T22:22:59Z" level=info msg="report_service : successful init of enforcer"
time="2023-07-25T22:25:08Z" level=info msg="report_service : successful init of enforcer"
time="2023-07-25T22:26:48Z" level=info msg="report_service : successful init of enforcer"
time="2023-07-25T22:28:29Z" level=info msg="report_service : successful init of enforcer"
time="2023-07-25T22:30:20Z" level=info msg="report_service : successful init of enforcer"
time="2023-07-25T22:31:40Z" level=info msg="report_service : successful init of enforcer"
time="2023-07-25T22:32:42Z" level=info msg="report_service : successful init of enforcer"
time="2023-07-25T22:34:06Z" level=info msg="report_service : successful init of enforcer"
